{"/home/travis/build/npmtest/node-npmtest-meetup-api/test.js":{"path":"/home/travis/build/npmtest/node-npmtest-meetup-api/test.js","s":{"1":2,"2":2,"3":2,"4":2,"5":2,"6":2,"7":2,"8":1,"9":2,"10":2,"11":1,"12":1,"13":1,"14":1,"15":2,"16":2,"17":2,"18":2,"19":1,"20":1,"21":2,"22":2,"23":2,"24":1,"25":1,"26":1,"27":1,"28":1,"29":1,"30":1,"31":1,"32":1,"33":1,"34":1,"35":1,"36":1,"37":1,"38":1,"39":2,"40":2,"41":1,"42":2,"43":2,"44":1,"45":2,"46":2,"47":1,"48":2,"49":2,"50":1,"51":1,"52":1,"53":1,"54":1},"b":{"1":[2,1,1,1],"2":[1,1,1,1],"3":[1,1],"4":[1,1],"5":[1,1],"6":[1,1],"7":[1,1],"8":[1,1],"9":[1,1],"10":[1,1,1],"11":[1,1],"12":[1,1],"13":[1,1],"14":[1,1],"15":[1,1],"16":[1,1],"17":[1,1]},"f":{"1":2,"2":2,"3":2,"4":2,"5":2,"6":1,"7":1,"8":1,"9":2,"10":2,"11":2,"12":2,"13":1},"fnMap":{"1":{"name":"(anonymous_1)","line":12,"loc":{"start":{"line":12,"column":1},"end":{"line":12,"column":13}}},"2":{"name":"(anonymous_2)","line":19,"loc":{"start":{"line":19,"column":5},"end":{"line":19,"column":17}}},"3":{"name":"(anonymous_3)","line":23,"loc":{"start":{"line":23,"column":24},"end":{"line":23,"column":36}}},"4":{"name":"(anonymous_4)","line":61,"loc":{"start":{"line":61,"column":5},"end":{"line":61,"column":17}}},"5":{"name":"(anonymous_5)","line":82,"loc":{"start":{"line":82,"column":5},"end":{"line":82,"column":17}}},"6":{"name":"(anonymous_6)","line":91,"loc":{"start":{"line":91,"column":77},"end":{"line":94,"column":10}}},"7":{"name":"(anonymous_7)","line":112,"loc":{"start":{"line":112,"column":83},"end":{"line":115,"column":10}},"skip":true},"8":{"name":"(anonymous_8)","line":123,"loc":{"start":{"line":123,"column":77},"end":{"line":126,"column":10}},"skip":true},"9":{"name":"(anonymous_9)","line":139,"loc":{"start":{"line":139,"column":12},"end":{"line":139,"column":40}},"skip":true},"10":{"name":"(anonymous_10)","line":147,"loc":{"start":{"line":147,"column":77},"end":{"line":150,"column":10}},"skip":true},"11":{"name":"(anonymous_11)","line":158,"loc":{"start":{"line":158,"column":83},"end":{"line":161,"column":10}},"skip":true},"12":{"name":"(anonymous_12)","line":169,"loc":{"start":{"line":169,"column":79},"end":{"line":172,"column":10}},"skip":true},"13":{"name":"(anonymous_13)","line":180,"loc":{"start":{"line":180,"column":75},"end":{"line":183,"column":10}},"skip":true}},"statementMap":{"1":{"start":{"line":12,"column":0},"end":{"line":195,"column":5}},"2":{"start":{"line":14,"column":4},"end":{"line":14,"column":14}},"3":{"start":{"line":19,"column":4},"end":{"line":56,"column":9}},"4":{"start":{"line":21,"column":8},"end":{"line":21,"column":19}},"5":{"start":{"line":23,"column":8},"end":{"line":35,"column":13}},"6":{"start":{"line":24,"column":12},"end":{"line":34,"column":13}},"7":{"start":{"line":25,"column":16},"end":{"line":28,"column":30}},"8":{"start":{"line":30,"column":16},"end":{"line":33,"column":27}},"9":{"start":{"line":37,"column":8},"end":{"line":39,"column":21}},"10":{"start":{"line":40,"column":8},"end":{"line":53,"column":9}},"11":{"start":{"line":43,"column":12},"end":{"line":46,"column":14}},"12":{"start":{"line":47,"column":12},"end":{"line":47,"column":18}},"13":{"start":{"line":50,"column":12},"end":{"line":51,"column":46}},"14":{"start":{"line":52,"column":12},"end":{"line":52,"column":18}},"15":{"start":{"line":55,"column":8},"end":{"line":55,"column":35}},"16":{"start":{"line":61,"column":4},"end":{"line":63,"column":9}},"17":{"start":{"line":62,"column":8},"end":{"line":62,"column":15}},"18":{"start":{"line":64,"column":4},"end":{"line":77,"column":5}},"19":{"start":{"line":70,"column":8},"end":{"line":70,"column":14}},"20":{"start":{"line":76,"column":8},"end":{"line":76,"column":14}},"21":{"start":{"line":82,"column":4},"end":{"line":84,"column":9}},"22":{"start":{"line":83,"column":8},"end":{"line":83,"column":15}},"23":{"start":{"line":85,"column":4},"end":{"line":194,"column":5}},"24":{"start":{"line":91,"column":8},"end":{"line":99,"column":10}},"25":{"start":{"line":98,"column":12},"end":{"line":98,"column":35}},"26":{"start":{"line":102,"column":8},"end":{"line":104,"column":63}},"27":{"start":{"line":105,"column":8},"end":{"line":105,"column":14}},"28":{"start":{"line":112,"column":8},"end":{"line":121,"column":10},"skip":true},"29":{"start":{"line":119,"column":12},"end":{"line":119,"column":55},"skip":true},"30":{"start":{"line":120,"column":12},"end":{"line":120,"column":48},"skip":true},"31":{"start":{"line":123,"column":8},"end":{"line":136,"column":10},"skip":true},"32":{"start":{"line":130,"column":12},"end":{"line":130,"column":76},"skip":true},"33":{"start":{"line":131,"column":12},"end":{"line":131,"column":73},"skip":true},"34":{"start":{"line":132,"column":12},"end":{"line":132,"column":74},"skip":true},"35":{"start":{"line":133,"column":12},"end":{"line":133,"column":79},"skip":true},"36":{"start":{"line":134,"column":12},"end":{"line":134,"column":25},"skip":true},"37":{"start":{"line":135,"column":12},"end":{"line":135,"column":45},"skip":true},"38":{"start":{"line":138,"column":8},"end":{"line":145,"column":14},"skip":true},"39":{"start":{"line":143,"column":16},"end":{"line":143,"column":29},"skip":true},"40":{"start":{"line":144,"column":16},"end":{"line":144,"column":55},"skip":true},"41":{"start":{"line":147,"column":8},"end":{"line":156,"column":10},"skip":true},"42":{"start":{"line":154,"column":12},"end":{"line":154,"column":25},"skip":true},"43":{"start":{"line":155,"column":12},"end":{"line":155,"column":45},"skip":true},"44":{"start":{"line":158,"column":8},"end":{"line":167,"column":10},"skip":true},"45":{"start":{"line":165,"column":12},"end":{"line":165,"column":25},"skip":true},"46":{"start":{"line":166,"column":12},"end":{"line":166,"column":48},"skip":true},"47":{"start":{"line":169,"column":8},"end":{"line":178,"column":10},"skip":true},"48":{"start":{"line":176,"column":12},"end":{"line":176,"column":25},"skip":true},"49":{"start":{"line":177,"column":12},"end":{"line":177,"column":46},"skip":true},"50":{"start":{"line":180,"column":8},"end":{"line":189,"column":10},"skip":true},"51":{"start":{"line":187,"column":12},"end":{"line":187,"column":94},"skip":true},"52":{"start":{"line":188,"column":12},"end":{"line":188,"column":48},"skip":true},"53":{"start":{"line":192,"column":8},"end":{"line":192,"column":35},"skip":true},"54":{"start":{"line":193,"column":8},"end":{"line":193,"column":14},"skip":true}},"branchMap":{"1":{"line":25,"type":"binary-expr","locations":[{"start":{"line":25,"column":23},"end":{"line":25,"column":62}},{"start":{"line":26,"column":20},"end":{"line":26,"column":70}},{"start":{"line":27,"column":20},"end":{"line":27,"column":71}},{"start":{"line":28,"column":20},"end":{"line":28,"column":29}}]},"2":{"line":30,"type":"binary-expr","locations":[{"start":{"line":30,"column":23},"end":{"line":30,"column":37}},{"start":{"line":31,"column":20},"end":{"line":31,"column":61}},{"start":{"line":32,"column":20},"end":{"line":32,"column":70}},{"start":{"line":33,"column":20},"end":{"line":33,"column":26}}]},"3":{"line":37,"type":"cond-expr","locations":[{"start":{"line":38,"column":14},"end":{"line":38,"column":20}},{"start":{"line":39,"column":14},"end":{"line":39,"column":20}}]},"4":{"line":40,"type":"switch","locations":[{"start":{"line":42,"column":8},"end":{"line":47,"column":18}},{"start":{"line":49,"column":8},"end":{"line":52,"column":18}}]},"5":{"line":44,"type":"binary-expr","locations":[{"start":{"line":44,"column":16},"end":{"line":44,"column":44}},{"start":{"line":44,"column":48},"end":{"line":44,"column":66}}]},"6":{"line":50,"type":"binary-expr","locations":[{"start":{"line":50,"column":21},"end":{"line":50,"column":49}},{"start":{"line":50,"column":53},"end":{"line":50,"column":72}}]},"7":{"line":64,"type":"switch","locations":[{"start":{"line":69,"column":4},"end":{"line":70,"column":14}},{"start":{"line":75,"column":4},"end":{"line":76,"column":14}}]},"8":{"line":85,"type":"switch","locations":[{"start":{"line":90,"column":4},"end":{"line":105,"column":14}},{"start":{"line":111,"column":4},"end":{"line":193,"column":14},"skip":true}]},"9":{"line":91,"type":"binary-expr","locations":[{"start":{"line":91,"column":42},"end":{"line":91,"column":73}},{"start":{"line":91,"column":77},"end":{"line":99,"column":9}}]},"10":{"line":102,"type":"binary-expr","locations":[{"start":{"line":102,"column":18},"end":{"line":102,"column":32}},{"start":{"line":103,"column":12},"end":{"line":103,"column":53}},{"start":{"line":104,"column":12},"end":{"line":104,"column":61}}]},"11":{"line":112,"type":"binary-expr","locations":[{"start":{"line":112,"column":45},"end":{"line":112,"column":79},"skip":true},{"start":{"line":112,"column":83},"end":{"line":121,"column":9},"skip":true}]},"12":{"line":123,"type":"binary-expr","locations":[{"start":{"line":123,"column":42},"end":{"line":123,"column":73},"skip":true},{"start":{"line":123,"column":77},"end":{"line":136,"column":9},"skip":true}]},"13":{"line":138,"type":"binary-expr","locations":[{"start":{"line":138,"column":48},"end":{"line":138,"column":85},"skip":true},{"start":{"line":139,"column":12},"end":{"line":145,"column":13},"skip":true}]},"14":{"line":147,"type":"binary-expr","locations":[{"start":{"line":147,"column":42},"end":{"line":147,"column":73},"skip":true},{"start":{"line":147,"column":77},"end":{"line":156,"column":9},"skip":true}]},"15":{"line":158,"type":"binary-expr","locations":[{"start":{"line":158,"column":45},"end":{"line":158,"column":79},"skip":true},{"start":{"line":158,"column":83},"end":{"line":167,"column":9},"skip":true}]},"16":{"line":169,"type":"binary-expr","locations":[{"start":{"line":169,"column":43},"end":{"line":169,"column":75},"skip":true},{"start":{"line":169,"column":79},"end":{"line":178,"column":9},"skip":true}]},"17":{"line":180,"type":"binary-expr","locations":[{"start":{"line":180,"column":41},"end":{"line":180,"column":71},"skip":true},{"start":{"line":180,"column":75},"end":{"line":189,"column":9},"skip":true}]}},"code":["/* istanbul instrument in package npmtest_meetup_api */","/*jslint","    bitwise: true,","    browser: true,","    maxerr: 8,","    maxlen: 96,","    node: true,","    nomen: true,","    regexp: true,","    stupid: true","*/","(function () {","    'use strict';","    var local;","","","","    // run shared js-env code - pre-init","    (function () {","        // init local","        local = {};","        // init modeJs","        local.modeJs = (function () {","            try {","                return typeof navigator.userAgent === 'string' &&","                    typeof document.querySelector('body') === 'object' &&","                    typeof XMLHttpRequest.prototype.open === 'function' &&","                    'browser';","            } catch (errorCaughtBrowser) {","                return module.exports &&","                    typeof process.versions.node === 'string' &&","                    typeof require('http').createServer === 'function' &&","                    'node';","            }","        }());","        // init global","        local.global = local.modeJs === 'browser'","            ? window","            : global;","        switch (local.modeJs) {","        // re-init local from window.local","        case 'browser':","            local = local.global.utility2.objectSetDefault(","                local.global.utility2_rollup || local.global.local,","                local.global.utility2","            );","            break;","        // re-init local from example.js","        case 'node':","            local = (local.global.utility2_rollup || require('utility2'))","                .requireExampleJsFromReadme();","            break;","        }","        // export local","        local.global.local = local;","    }());","","","","    // run shared js-env code - function","    (function () {","        return;","    }());","    switch (local.modeJs) {","","","","    // run browser js-env code - function","    case 'browser':","        break;","","","","    // run node js-env code - function","    case 'node':","        break;","    }","","","","    // run shared js-env code - post-init","    (function () {","        return;","    }());","    switch (local.modeJs) {","","","","    // run browser js-env code - post-init","    case 'browser':","        local.testCase_browser_nullCase = local.testCase_browser_nullCase || function (","            options,","            onError","        ) {","        /*","         * this function will test browsers's null-case handling-behavior-behavior","         */","            onError(null, options);","        };","","        // run tests","        local.nop(local.modeTest &&","            document.querySelector('#testRunButton1') &&","            document.querySelector('#testRunButton1').click());","        break;","","","","    // run node js-env code - post-init","    /* istanbul ignore next */","    case 'node':","        local.testCase_buildApidoc_default = local.testCase_buildApidoc_default || function (","            options,","            onError","        ) {","        /*","         * this function will test buildApidoc's default handling-behavior-behavior","         */","            options = { modulePathList: module.paths };","            local.buildApidoc(options, onError);","        };","","        local.testCase_buildApp_default = local.testCase_buildApp_default || function (","            options,","            onError","        ) {","        /*","         * this function will test buildApp's default handling-behavior-behavior","         */","            local.testCase_buildReadme_default(options, local.onErrorThrow);","            local.testCase_buildLib_default(options, local.onErrorThrow);","            local.testCase_buildTest_default(options, local.onErrorThrow);","            local.testCase_buildCustomOrg_default(options, local.onErrorThrow);","            options = [];","            local.buildApp(options, onError);","        };","","        local.testCase_buildCustomOrg_default = local.testCase_buildCustomOrg_default ||","            function (options, onError) {","            /*","             * this function will test buildCustomOrg's default handling-behavior","             */","                options = {};","                local.buildCustomOrg(options, onError);","            };","","        local.testCase_buildLib_default = local.testCase_buildLib_default || function (","            options,","            onError","        ) {","        /*","         * this function will test buildLib's default handling-behavior","         */","            options = {};","            local.buildLib(options, onError);","        };","","        local.testCase_buildReadme_default = local.testCase_buildReadme_default || function (","            options,","            onError","        ) {","        /*","         * this function will test buildReadme's default handling-behavior-behavior","         */","            options = {};","            local.buildReadme(options, onError);","        };","","        local.testCase_buildTest_default = local.testCase_buildTest_default || function (","            options,","            onError","        ) {","        /*","         * this function will test buildTest's default handling-behavior","         */","            options = {};","            local.buildTest(options, onError);","        };","","        local.testCase_webpage_default = local.testCase_webpage_default || function (","            options,","            onError","        ) {","        /*","         * this function will test webpage's default handling-behavior","         */","            options = { modeCoverageMerge: true, url: local.serverLocalHost + '?modeTest=1' };","            local.browserTest(options, onError);","        };","","        // run test-server","        local.testRunServer(local);","        break;","    }","}());",""],"l":{"12":2,"14":2,"19":2,"21":2,"23":2,"24":2,"25":2,"30":1,"37":2,"40":2,"43":1,"47":1,"50":1,"52":1,"55":2,"61":2,"62":2,"64":2,"70":1,"76":1,"82":2,"83":2,"85":2,"91":1,"98":1,"102":1,"105":1,"112":1,"119":1,"120":1,"123":1,"130":1,"131":1,"132":1,"133":1,"134":1,"135":1,"138":1,"143":2,"144":2,"147":1,"154":2,"155":2,"158":1,"165":2,"166":2,"169":1,"176":2,"177":2,"180":1,"187":1,"188":1,"192":1,"193":1}},"/home/travis/build/npmtest/node-npmtest-meetup-api/lib.npmtest_meetup_api.js":{"path":"/home/travis/build/npmtest/node-npmtest-meetup-api/lib.npmtest_meetup_api.js","s":{"1":2,"2":2,"3":2,"4":2,"5":2,"6":2,"7":2,"8":1,"9":2,"10":2,"11":2,"12":2,"13":1,"14":1,"15":1,"16":1},"b":{"1":[2,1,1,1],"2":[1,1,1,1],"3":[1,1],"4":[2,2],"5":[1,1]},"f":{"1":2,"2":2,"3":2},"fnMap":{"1":{"name":"(anonymous_1)","line":12,"loc":{"start":{"line":12,"column":1},"end":{"line":12,"column":13}}},"2":{"name":"(anonymous_2)","line":19,"loc":{"start":{"line":19,"column":5},"end":{"line":19,"column":17}}},"3":{"name":"(anonymous_3)","line":23,"loc":{"start":{"line":23,"column":24},"end":{"line":23,"column":36}}}},"statementMap":{"1":{"start":{"line":12,"column":0},"end":{"line":53,"column":5}},"2":{"start":{"line":14,"column":4},"end":{"line":14,"column":14}},"3":{"start":{"line":19,"column":4},"end":{"line":52,"column":9}},"4":{"start":{"line":21,"column":8},"end":{"line":21,"column":19}},"5":{"start":{"line":23,"column":8},"end":{"line":35,"column":13}},"6":{"start":{"line":24,"column":12},"end":{"line":34,"column":13}},"7":{"start":{"line":25,"column":16},"end":{"line":28,"column":30}},"8":{"start":{"line":30,"column":16},"end":{"line":33,"column":27}},"9":{"start":{"line":37,"column":8},"end":{"line":39,"column":21}},"10":{"start":{"line":41,"column":8},"end":{"line":41,"column":54}},"11":{"start":{"line":43,"column":8},"end":{"line":43,"column":55}},"12":{"start":{"line":45,"column":8},"end":{"line":51,"column":9}},"13":{"start":{"line":46,"column":12},"end":{"line":46,"column":61}},"14":{"start":{"line":48,"column":12},"end":{"line":48,"column":35}},"15":{"start":{"line":49,"column":12},"end":{"line":49,"column":49}},"16":{"start":{"line":50,"column":12},"end":{"line":50,"column":43}}},"branchMap":{"1":{"line":25,"type":"binary-expr","locations":[{"start":{"line":25,"column":23},"end":{"line":25,"column":62}},{"start":{"line":26,"column":20},"end":{"line":26,"column":70}},{"start":{"line":27,"column":20},"end":{"line":27,"column":71}},{"start":{"line":28,"column":20},"end":{"line":28,"column":29}}]},"2":{"line":30,"type":"binary-expr","locations":[{"start":{"line":30,"column":23},"end":{"line":30,"column":37}},{"start":{"line":31,"column":20},"end":{"line":31,"column":61}},{"start":{"line":32,"column":20},"end":{"line":32,"column":70}},{"start":{"line":33,"column":20},"end":{"line":33,"column":26}}]},"3":{"line":37,"type":"cond-expr","locations":[{"start":{"line":38,"column":14},"end":{"line":38,"column":20}},{"start":{"line":39,"column":14},"end":{"line":39,"column":20}}]},"4":{"line":41,"type":"binary-expr","locations":[{"start":{"line":41,"column":16},"end":{"line":41,"column":44}},{"start":{"line":41,"column":48},"end":{"line":41,"column":53}}]},"5":{"line":45,"type":"if","locations":[{"start":{"line":45,"column":8},"end":{"line":45,"column":8}},{"start":{"line":45,"column":8},"end":{"line":45,"column":8}}]}},"code":["/* istanbul instrument in package npmtest_meetup_api */","/*jslint","    bitwise: true,","    browser: true,","    maxerr: 8,","    maxlen: 96,","    node: true,","    nomen: true,","    regexp: true,","    stupid: true","*/","(function () {","    'use strict';","    var local;","","","","    // run shared js-env code - pre-init","    (function () {","        // init local","        local = {};","        // init modeJs","        local.modeJs = (function () {","            try {","                return typeof navigator.userAgent === 'string' &&","                    typeof document.querySelector('body') === 'object' &&","                    typeof XMLHttpRequest.prototype.open === 'function' &&","                    'browser';","            } catch (errorCaughtBrowser) {","                return module.exports &&","                    typeof process.versions.node === 'string' &&","                    typeof require('http').createServer === 'function' &&","                    'node';","            }","        }());","        // init global","        local.global = local.modeJs === 'browser'","            ? window","            : global;","        // init utility2_rollup","        local = local.global.utility2_rollup || local;","        // init lib","        local.local = local.npmtest_meetup_api = local;","        // init exports","        if (local.modeJs === 'browser') {","            local.global.utility2_npmtest_meetup_api = local;","        } else {","            module.exports = local;","            module.exports.__dirname = __dirname;","            module.exports.module = module;","        }","    }());","}());",""],"l":{"12":2,"14":2,"19":2,"21":2,"23":2,"24":2,"25":2,"30":1,"37":2,"41":2,"43":2,"45":2,"46":1,"48":1,"49":1,"50":1}},"/home/travis/build/npmtest/node-npmtest-meetup-api/example.js":{"path":"/home/travis/build/npmtest/node-npmtest-meetup-api/example.js","s":{"1":2,"2":2,"3":2,"4":2,"5":2,"6":2,"7":2,"8":1,"9":2,"10":2,"11":2,"12":2,"13":1,"14":2,"15":2,"16":2,"17":2,"18":2,"19":0,"20":2,"21":1,"22":1,"23":1,"24":1,"25":1,"26":0,"27":0,"28":1,"29":1,"30":2,"31":0,"32":0,"33":0,"34":1,"35":2,"36":2,"37":3,"38":3,"39":3,"40":3,"41":0,"42":3,"43":3,"44":3,"45":1,"46":3,"47":1,"48":1,"49":1,"50":1,"51":1,"52":1,"53":1,"54":1,"55":1,"56":1,"57":0,"58":1,"59":6,"60":6,"61":1,"62":2,"63":0,"64":2,"65":1,"66":1,"67":0,"68":0,"69":0,"70":0,"71":0,"72":0,"73":0,"74":0,"75":0,"76":0,"77":0,"78":0,"79":0,"80":0,"81":0,"82":0,"83":0},"b":{"1":[2,1,1,1],"2":[1,1,1,1],"3":[1,1],"4":[2,2],"5":[1,1],"6":[1,1],"7":[2,0],"8":[2,1,1,1,1,1],"9":[0,2,0],"10":[1,1],"11":[2,1,1],"12":[1,0],"13":[0,2],"14":[2,0,0,0,0,0,0],"15":[0,3],"16":[3,0],"17":[1,1],"18":[0,1],"19":[1,2,0,2],"20":[1,0],"21":[1,1],"22":[0,0],"23":[0,0],"24":[0,0],"25":[0,0],"26":[0,0],"27":[0,0],"28":[0,0]},"f":{"1":2,"2":2,"3":2,"4":2,"5":2,"6":2,"7":3,"8":3,"9":3,"10":1,"11":6,"12":0},"fnMap":{"1":{"name":"(anonymous_1)","line":26,"loc":{"start":{"line":26,"column":1},"end":{"line":26,"column":13}}},"2":{"name":"(anonymous_2)","line":33,"loc":{"start":{"line":33,"column":5},"end":{"line":33,"column":17}}},"3":{"name":"(anonymous_3)","line":37,"loc":{"start":{"line":37,"column":24},"end":{"line":37,"column":36}}},"4":{"name":"(anonymous_4)","line":69,"loc":{"start":{"line":69,"column":31},"end":{"line":69,"column":48}},"skip":true},"5":{"name":"(anonymous_5)","line":78,"loc":{"start":{"line":78,"column":26},"end":{"line":78,"column":45}},"skip":true},"6":{"name":"(anonymous_6)","line":123,"loc":{"start":{"line":123,"column":33},"end":{"line":123,"column":48}},"skip":true},"7":{"name":"(anonymous_7)","line":125,"loc":{"start":{"line":125,"column":27},"end":{"line":125,"column":39}},"skip":true},"8":{"name":"(anonymous_8)","line":133,"loc":{"start":{"line":133,"column":59},"end":{"line":133,"column":74}},"skip":true},"9":{"name":"(anonymous_9)","line":143,"loc":{"start":{"line":143,"column":45},"end":{"line":143,"column":62}},"skip":true},"10":{"name":"(anonymous_10)","line":144,"loc":{"start":{"line":144,"column":73},"end":{"line":144,"column":92}},"skip":true},"11":{"name":"(anonymous_11)","line":272,"loc":{"start":{"line":272,"column":51},"end":{"line":272,"column":77}},"skip":true},"12":{"name":"(anonymous_12)","line":315,"loc":{"start":{"line":315,"column":32},"end":{"line":315,"column":61}},"skip":true}},"statementMap":{"1":{"start":{"line":26,"column":0},"end":{"line":326,"column":5}},"2":{"start":{"line":28,"column":4},"end":{"line":28,"column":14}},"3":{"start":{"line":33,"column":4},"end":{"line":60,"column":9}},"4":{"start":{"line":35,"column":8},"end":{"line":35,"column":19}},"5":{"start":{"line":37,"column":8},"end":{"line":49,"column":13}},"6":{"start":{"line":38,"column":12},"end":{"line":48,"column":13}},"7":{"start":{"line":39,"column":16},"end":{"line":42,"column":30}},"8":{"start":{"line":44,"column":16},"end":{"line":47,"column":27}},"9":{"start":{"line":51,"column":8},"end":{"line":53,"column":21}},"10":{"start":{"line":55,"column":8},"end":{"line":57,"column":45}},"11":{"start":{"line":59,"column":8},"end":{"line":59,"column":35}},"12":{"start":{"line":61,"column":4},"end":{"line":325,"column":5}},"13":{"start":{"line":69,"column":8},"end":{"line":121,"column":10},"skip":true},"14":{"start":{"line":70,"column":12},"end":{"line":88,"column":13},"skip":true},"15":{"start":{"line":76,"column":16},"end":{"line":87,"column":19},"skip":true},"16":{"start":{"line":79,"column":20},"end":{"line":86,"column":21},"skip":true},"17":{"start":{"line":82,"column":24},"end":{"line":82,"column":43},"skip":true},"18":{"start":{"line":83,"column":24},"end":{"line":83,"column":30},"skip":true},"19":{"start":{"line":85,"column":24},"end":{"line":85,"column":49},"skip":true},"20":{"start":{"line":89,"column":12},"end":{"line":107,"column":13},"skip":true},"21":{"start":{"line":92,"column":16},"end":{"line":102,"column":17},"skip":true},"22":{"start":{"line":93,"column":20},"end":{"line":93,"column":86},"skip":true},"23":{"start":{"line":94,"column":20},"end":{"line":95,"column":45},"skip":true},"24":{"start":{"line":96,"column":20},"end":{"line":96,"column":42},"skip":true},"25":{"start":{"line":97,"column":20},"end":{"line":97,"column":48},"skip":true},"26":{"start":{"line":100,"column":20},"end":{"line":100,"column":85},"skip":true},"27":{"start":{"line":101,"column":20},"end":{"line":101,"column":96},"skip":true},"28":{"start":{"line":103,"column":16},"end":{"line":103,"column":22},"skip":true},"29":{"start":{"line":106,"column":16},"end":{"line":106,"column":22},"skip":true},"30":{"start":{"line":108,"column":12},"end":{"line":120,"column":13},"skip":true},"31":{"start":{"line":114,"column":16},"end":{"line":119,"column":17},"skip":true},"32":{"start":{"line":116,"column":20},"end":{"line":116,"column":78},"skip":true},"33":{"start":{"line":118,"column":20},"end":{"line":118,"column":47},"skip":true},"34":{"start":{"line":123,"column":8},"end":{"line":141,"column":11},"skip":true},"35":{"start":{"line":124,"column":12},"end":{"line":124,"column":54},"skip":true},"36":{"start":{"line":125,"column":12},"end":{"line":140,"column":14},"skip":true},"37":{"start":{"line":126,"column":16},"end":{"line":126,"column":28},"skip":true},"38":{"start":{"line":127,"column":16},"end":{"line":127,"column":69},"skip":true},"39":{"start":{"line":128,"column":16},"end":{"line":128,"column":75},"skip":true},"40":{"start":{"line":129,"column":16},"end":{"line":131,"column":17},"skip":true},"41":{"start":{"line":130,"column":20},"end":{"line":130,"column":27},"skip":true},"42":{"start":{"line":133,"column":16},"end":{"line":137,"column":36},"skip":true},"43":{"start":{"line":134,"column":20},"end":{"line":136,"column":55},"skip":true},"44":{"start":{"line":139,"column":16},"end":{"line":139,"column":57},"skip":true},"45":{"start":{"line":143,"column":8},"end":{"line":147,"column":11},"skip":true},"46":{"start":{"line":144,"column":12},"end":{"line":146,"column":15},"skip":true},"47":{"start":{"line":145,"column":16},"end":{"line":145,"column":70},"skip":true},"48":{"start":{"line":149,"column":8},"end":{"line":149,"column":31},"skip":true},"49":{"start":{"line":150,"column":8},"end":{"line":150,"column":14},"skip":true},"50":{"start":{"line":158,"column":8},"end":{"line":158,"column":31},"skip":true},"51":{"start":{"line":160,"column":8},"end":{"line":160,"column":33},"skip":true},"52":{"start":{"line":161,"column":8},"end":{"line":161,"column":37},"skip":true},"53":{"start":{"line":162,"column":8},"end":{"line":162,"column":35},"skip":true},"54":{"start":{"line":164,"column":8},"end":{"line":164,"column":50},"skip":true},"55":{"start":{"line":166,"column":8},"end":{"line":256,"column":2},"skip":true},"56":{"start":{"line":258,"column":8},"end":{"line":286,"column":9},"skip":true},"57":{"start":{"line":259,"column":12},"end":{"line":269,"column":14},"skip":true},"58":{"start":{"line":271,"column":12},"end":{"line":285,"column":19},"skip":true},"59":{"start":{"line":274,"column":20},"end":{"line":274,"column":35},"skip":true},"60":{"start":{"line":275,"column":20},"end":{"line":284,"column":21},"skip":true},"61":{"start":{"line":277,"column":24},"end":{"line":277,"column":64},"skip":true},"62":{"start":{"line":279,"column":24},"end":{"line":279,"column":40},"skip":true},"63":{"start":{"line":281,"column":24},"end":{"line":281,"column":40},"skip":true},"64":{"start":{"line":283,"column":24},"end":{"line":283,"column":39},"skip":true},"65":{"start":{"line":288,"column":8},"end":{"line":290,"column":9},"skip":true},"66":{"start":{"line":289,"column":12},"end":{"line":289,"column":18},"skip":true},"67":{"start":{"line":291,"column":8},"end":{"line":293,"column":54},"skip":true},"68":{"start":{"line":296,"column":8},"end":{"line":301,"column":37},"skip":true},"69":{"start":{"line":303,"column":8},"end":{"line":303,"column":82},"skip":true},"70":{"start":{"line":306,"column":8},"end":{"line":308,"column":9},"skip":true},"71":{"start":{"line":307,"column":12},"end":{"line":307,"column":82},"skip":true},"72":{"start":{"line":310,"column":8},"end":{"line":312,"column":9},"skip":true},"73":{"start":{"line":311,"column":12},"end":{"line":311,"column":18},"skip":true},"74":{"start":{"line":313,"column":8},"end":{"line":313,"column":54},"skip":true},"75":{"start":{"line":314,"column":8},"end":{"line":314,"column":69},"skip":true},"76":{"start":{"line":315,"column":8},"end":{"line":323,"column":36},"skip":true},"77":{"start":{"line":316,"column":12},"end":{"line":316,"column":61},"skip":true},"78":{"start":{"line":317,"column":12},"end":{"line":320,"column":13},"skip":true},"79":{"start":{"line":318,"column":16},"end":{"line":318,"column":75},"skip":true},"80":{"start":{"line":319,"column":16},"end":{"line":319,"column":23},"skip":true},"81":{"start":{"line":321,"column":12},"end":{"line":321,"column":38},"skip":true},"82":{"start":{"line":322,"column":12},"end":{"line":322,"column":27},"skip":true},"83":{"start":{"line":324,"column":8},"end":{"line":324,"column":14},"skip":true}},"branchMap":{"1":{"line":39,"type":"binary-expr","locations":[{"start":{"line":39,"column":23},"end":{"line":39,"column":62}},{"start":{"line":40,"column":20},"end":{"line":40,"column":70}},{"start":{"line":41,"column":20},"end":{"line":41,"column":71}},{"start":{"line":42,"column":20},"end":{"line":42,"column":29}}]},"2":{"line":44,"type":"binary-expr","locations":[{"start":{"line":44,"column":23},"end":{"line":44,"column":37}},{"start":{"line":45,"column":20},"end":{"line":45,"column":61}},{"start":{"line":46,"column":20},"end":{"line":46,"column":70}},{"start":{"line":47,"column":20},"end":{"line":47,"column":26}}]},"3":{"line":51,"type":"cond-expr","locations":[{"start":{"line":52,"column":14},"end":{"line":52,"column":20}},{"start":{"line":53,"column":14},"end":{"line":53,"column":20}}]},"4":{"line":55,"type":"binary-expr","locations":[{"start":{"line":55,"column":16},"end":{"line":55,"column":44}},{"start":{"line":55,"column":49},"end":{"line":57,"column":43}}]},"5":{"line":55,"type":"cond-expr","locations":[{"start":{"line":56,"column":14},"end":{"line":56,"column":54}},{"start":{"line":57,"column":14},"end":{"line":57,"column":43}}]},"6":{"line":61,"type":"switch","locations":[{"start":{"line":68,"column":4},"end":{"line":150,"column":14},"skip":true},{"start":{"line":156,"column":4},"end":{"line":324,"column":14},"skip":true}]},"7":{"line":70,"type":"if","locations":[{"start":{"line":70,"column":12},"end":{"line":70,"column":12},"skip":true},{"start":{"line":70,"column":12},"end":{"line":70,"column":12},"skip":true}]},"8":{"line":70,"type":"binary-expr","locations":[{"start":{"line":70,"column":16},"end":{"line":70,"column":22},"skip":true},{"start":{"line":70,"column":27},"end":{"line":70,"column":32},"skip":true},{"start":{"line":71,"column":20},"end":{"line":71,"column":39},"skip":true},{"start":{"line":72,"column":20},"end":{"line":72,"column":49},"skip":true},{"start":{"line":73,"column":20},"end":{"line":73,"column":58},"skip":true},{"start":{"line":74,"column":20},"end":{"line":74,"column":69},"skip":true}]},"9":{"line":79,"type":"switch","locations":[{"start":{"line":80,"column":20},"end":{"line":80,"column":33},"skip":true},{"start":{"line":81,"column":20},"end":{"line":83,"column":30},"skip":true},{"start":{"line":84,"column":20},"end":{"line":85,"column":49},"skip":true}]},"10":{"line":89,"type":"switch","locations":[{"start":{"line":90,"column":12},"end":{"line":103,"column":22},"skip":true},{"start":{"line":105,"column":12},"end":{"line":106,"column":22},"skip":true}]},"11":{"line":89,"type":"binary-expr","locations":[{"start":{"line":89,"column":20},"end":{"line":89,"column":25},"skip":true},{"start":{"line":89,"column":29},"end":{"line":89,"column":48},"skip":true},{"start":{"line":89,"column":52},"end":{"line":89,"column":74},"skip":true}]},"12":{"line":92,"type":"if","locations":[{"start":{"line":92,"column":16},"end":{"line":92,"column":16},"skip":true},{"start":{"line":92,"column":16},"end":{"line":92,"column":16},"skip":true}]},"13":{"line":108,"type":"if","locations":[{"start":{"line":108,"column":12},"end":{"line":108,"column":12},"skip":true},{"start":{"line":108,"column":12},"end":{"line":108,"column":12},"skip":true}]},"14":{"line":108,"type":"binary-expr","locations":[{"start":{"line":108,"column":16},"end":{"line":108,"column":61},"skip":true},{"start":{"line":108,"column":66},"end":{"line":108,"column":72},"skip":true},{"start":{"line":108,"column":77},"end":{"line":108,"column":82},"skip":true},{"start":{"line":109,"column":20},"end":{"line":109,"column":39},"skip":true},{"start":{"line":110,"column":20},"end":{"line":110,"column":49},"skip":true},{"start":{"line":111,"column":20},"end":{"line":111,"column":58},"skip":true},{"start":{"line":112,"column":20},"end":{"line":112,"column":68},"skip":true}]},"15":{"line":129,"type":"if","locations":[{"start":{"line":129,"column":16},"end":{"line":129,"column":16},"skip":true},{"start":{"line":129,"column":16},"end":{"line":129,"column":16},"skip":true}]},"16":{"line":134,"type":"cond-expr","locations":[{"start":{"line":135,"column":26},"end":{"line":135,"column":29},"skip":true},{"start":{"line":136,"column":26},"end":{"line":136,"column":54},"skip":true}]},"17":{"line":164,"type":"binary-expr","locations":[{"start":{"line":164,"column":27},"end":{"line":164,"column":43},"skip":true},{"start":{"line":164,"column":47},"end":{"line":164,"column":49},"skip":true}]},"18":{"line":258,"type":"if","locations":[{"start":{"line":258,"column":8},"end":{"line":258,"column":8},"skip":true},{"start":{"line":258,"column":8},"end":{"line":258,"column":8},"skip":true}]},"19":{"line":275,"type":"switch","locations":[{"start":{"line":276,"column":20},"end":{"line":277,"column":64},"skip":true},{"start":{"line":278,"column":20},"end":{"line":279,"column":40},"skip":true},{"start":{"line":280,"column":20},"end":{"line":281,"column":40},"skip":true},{"start":{"line":282,"column":20},"end":{"line":283,"column":39},"skip":true}]},"20":{"line":288,"type":"if","locations":[{"start":{"line":288,"column":8},"end":{"line":288,"column":8},"skip":true},{"start":{"line":288,"column":8},"end":{"line":288,"column":8},"skip":true}]},"21":{"line":288,"type":"binary-expr","locations":[{"start":{"line":288,"column":12},"end":{"line":288,"column":40},"skip":true},{"start":{"line":288,"column":44},"end":{"line":288,"column":67},"skip":true}]},"22":{"line":292,"type":"binary-expr","locations":[{"start":{"line":292,"column":12},"end":{"line":292,"column":50},"skip":true},{"start":{"line":293,"column":12},"end":{"line":293,"column":53},"skip":true}]},"23":{"line":297,"type":"binary-expr","locations":[{"start":{"line":297,"column":12},"end":{"line":297,"column":68},"skip":true},{"start":{"line":298,"column":12},"end":{"line":301,"column":36},"skip":true}]},"24":{"line":303,"type":"binary-expr","locations":[{"start":{"line":303,"column":43},"end":{"line":303,"column":75},"skip":true},{"start":{"line":303,"column":79},"end":{"line":303,"column":81},"skip":true}]},"25":{"line":306,"type":"if","locations":[{"start":{"line":306,"column":8},"end":{"line":306,"column":8},"skip":true},{"start":{"line":306,"column":8},"end":{"line":306,"column":8},"skip":true}]},"26":{"line":310,"type":"if","locations":[{"start":{"line":310,"column":8},"end":{"line":310,"column":8},"skip":true},{"start":{"line":310,"column":8},"end":{"line":310,"column":8},"skip":true}]},"27":{"line":313,"type":"binary-expr","locations":[{"start":{"line":313,"column":27},"end":{"line":313,"column":43},"skip":true},{"start":{"line":313,"column":47},"end":{"line":313,"column":53},"skip":true}]},"28":{"line":317,"type":"if","locations":[{"start":{"line":317,"column":12},"end":{"line":317,"column":12},"skip":true},{"start":{"line":317,"column":12},"end":{"line":317,"column":12},"skip":true}]}},"code":["/*","example.js","","quickstart example","","instruction","    1. save this script as example.js","    2. run the shell command:","        $ npm install npmtest-meetup-api && PORT=8081 node example.js","    3. play with the browser-demo on http://127.0.0.1:8081","*/","","","","/* istanbul instrument in package npmtest_meetup_api */","/*jslint","    bitwise: true,","    browser: true,","    maxerr: 8,","    maxlen: 96,","    node: true,","    nomen: true,","    regexp: true,","    stupid: true","*/","(function () {","    'use strict';","    var local;","","","","    // run shared js-env code - pre-init","    (function () {","        // init local","        local = {};","        // init modeJs","        local.modeJs = (function () {","            try {","                return typeof navigator.userAgent === 'string' &&","                    typeof document.querySelector('body') === 'object' &&","                    typeof XMLHttpRequest.prototype.open === 'function' &&","                    'browser';","            } catch (errorCaughtBrowser) {","                return module.exports &&","                    typeof process.versions.node === 'string' &&","                    typeof require('http').createServer === 'function' &&","                    'node';","            }","        }());","        // init global","        local.global = local.modeJs === 'browser'","            ? window","            : global;","        // init utility2_rollup","        local = local.global.utility2_rollup || (local.modeJs === 'browser'","            ? local.global.utility2_npmtest_meetup_api","            : global.utility2_moduleExports);","        // export local","        local.global.local = local;","    }());","    switch (local.modeJs) {","","","","    // post-init","    // run browser js-env code - post-init","    /* istanbul ignore next */","    case 'browser':","        local.testRunBrowser = function (event) {","            if (!event || (event &&","                    event.currentTarget &&","                    event.currentTarget.className &&","                    event.currentTarget.className.includes &&","                    event.currentTarget.className.includes('onreset'))) {","                // reset output","                Array.from(","                    document.querySelectorAll('body > .resettable')","                ).forEach(function (element) {","                    switch (element.tagName) {","                    case 'INPUT':","                    case 'TEXTAREA':","                        element.value = '';","                        break;","                    default:","                        element.textContent = '';","                    }","                });","            }","            switch (event && event.currentTarget && event.currentTarget.id) {","            case 'testRunButton1':","                // show tests","                if (document.querySelector('#testReportDiv1').style.display === 'none') {","                    document.querySelector('#testReportDiv1').style.display = 'block';","                    document.querySelector('#testRunButton1').textContent =","                        'hide internal test';","                    local.modeTest = true;","                    local.testRunDefault(local);","                // hide tests","                } else {","                    document.querySelector('#testReportDiv1').style.display = 'none';","                    document.querySelector('#testRunButton1').textContent = 'run internal test';","                }","                break;","            // custom-case","            default:","                break;","            }","            if (document.querySelector('#inputTextareaEval1') && (!event || (event &&","                    event.currentTarget &&","                    event.currentTarget.className &&","                    event.currentTarget.className.includes &&","                    event.currentTarget.className.includes('oneval')))) {","                // try to eval input-code","                try {","                    /*jslint evil: true*/","                    eval(document.querySelector('#inputTextareaEval1').value);","                } catch (errorCaught) {","                    console.error(errorCaught);","                }","            }","        };","        // log stderr and stdout to #outputTextareaStdout1","        ['error', 'log'].forEach(function (key) {","            console[key + '_original'] = console[key];","            console[key] = function () {","                var element;","                console[key + '_original'].apply(console, arguments);","                element = document.querySelector('#outputTextareaStdout1');","                if (!element) {","                    return;","                }","                // append text to #outputTextareaStdout1","                element.value += Array.from(arguments).map(function (arg) {","                    return typeof arg === 'string'","                        ? arg","                        : JSON.stringify(arg, null, 4);","                }).join(' ') + '\\n';","                // scroll textarea to bottom","                element.scrollTop = element.scrollHeight;","            };","        });","        // init event-handling","        ['change', 'click', 'keyup'].forEach(function (event) {","            Array.from(document.querySelectorAll('.on' + event)).forEach(function (element) {","                element.addEventListener(event, local.testRunBrowser);","            });","        });","        // run tests","        local.testRunBrowser();","        break;","","","","    // run node js-env code - post-init","    /* istanbul ignore next */","    case 'node':","        // export local","        module.exports = local;","        // require modules","        local.fs = require('fs');","        local.http = require('http');","        local.url = require('url');","        // init assets","        local.assetsDict = local.assetsDict || {};","        /* jslint-ignore-begin */","        local.assetsDict['/assets.index.template.html'] = '\\","<!doctype html>\\n\\","<html lang=\"en\">\\n\\","<head>\\n\\","<meta charset=\"UTF-8\">\\n\\","<meta name=\"viewport\" content=\"width=device-width, initial-scale=1\">\\n\\","<title>{{env.npm_package_name}} (v{{env.npm_package_version}})</title>\\n\\","<style>\\n\\","/*csslint\\n\\","    box-sizing: false,\\n\\","    universal-selector: false\\n\\","*/\\n\\","* {\\n\\","    box-sizing: border-box;\\n\\","}\\n\\","body {\\n\\","    background: #dde;\\n\\","    font-family: Arial, Helvetica, sans-serif;\\n\\","    margin: 2rem;\\n\\","}\\n\\","body > * {\\n\\","    margin-bottom: 1rem;\\n\\","}\\n\\",".utility2FooterDiv {\\n\\","    margin-top: 20px;\\n\\","    text-align: center;\\n\\","}\\n\\","</style>\\n\\","<style>\\n\\","/*csslint\\n\\","*/\\n\\","textarea {\\n\\","    font-family: monospace;\\n\\","    height: 10rem;\\n\\","    width: 100%;\\n\\","}\\n\\","textarea[readonly] {\\n\\","    background: #ddd;\\n\\","}\\n\\","</style>\\n\\","</head>\\n\\","<body>\\n\\","<!-- utility2-comment\\n\\","<div id=\"ajaxProgressDiv1\" style=\"background: #d00; height: 2px; left: 0; margin: 0; padding: 0; position: fixed; top: 0; transition: background 0.5s, width 1.5s; width: 25%;\"></div>\\n\\","utility2-comment -->\\n\\","<h1>\\n\\","<!-- utility2-comment\\n\\","    <a\\n\\","        {{#if env.npm_package_homepage}}\\n\\","        href=\"{{env.npm_package_homepage}}\"\\n\\","        {{/if env.npm_package_homepage}}\\n\\","        target=\"_blank\"\\n\\","    >\\n\\","utility2-comment -->\\n\\","        {{env.npm_package_name}} (v{{env.npm_package_version}})\\n\\","<!-- utility2-comment\\n\\","    </a>\\n\\","utility2-comment -->\\n\\","</h1>\\n\\","<h3>{{env.npm_package_description}}</h3>\\n\\","<!-- utility2-comment\\n\\","<h4><a download href=\"assets.app.js\">download standalone app</a></h4>\\n\\","<button class=\"onclick onreset\" id=\"testRunButton1\">run internal test</button><br>\\n\\","<div id=\"testReportDiv1\" style=\"display: none;\"></div>\\n\\","utility2-comment -->\\n\\","\\n\\","\\n\\","\\n\\","<label>stderr and stdout</label>\\n\\","<textarea class=\"resettable\" id=\"outputTextareaStdout1\" readonly></textarea>\\n\\","<!-- utility2-comment\\n\\","{{#if isRollup}}\\n\\","<script src=\"assets.app.js\"></script>\\n\\","{{#unless isRollup}}\\n\\","utility2-comment -->\\n\\","<script src=\"assets.utility2.rollup.js\"></script>\\n\\","<script src=\"jsonp.utility2._stateInit?callback=window.utility2._stateInit\"></script>\\n\\","<script src=\"assets.npmtest_meetup_api.rollup.js\"></script>\\n\\","<script src=\"assets.example.js\"></script>\\n\\","<script src=\"assets.test.js\"></script>\\n\\","<!-- utility2-comment\\n\\","{{/if isRollup}}\\n\\","utility2-comment -->\\n\\","<div class=\"utility2FooterDiv\">\\n\\","    [ this app was created with\\n\\","    <a href=\"https://github.com/kaizhu256/node-utility2\" target=\"_blank\">utility2</a>\\n\\","    ]\\n\\","</div>\\n\\","</body>\\n\\","</html>\\n\\","';","        /* jslint-ignore-end */","        if (local.templateRender) {","            local.assetsDict['/'] = local.templateRender(","                local.assetsDict['/assets.index.template.html'],","                {","                    env: local.objectSetDefault(local.env, {","                        npm_package_description: 'the greatest app in the world!',","                        npm_package_name: 'my-app',","                        npm_package_nameAlias: 'my_app',","                        npm_package_version: '0.0.1'","                    })","                }","            );","        } else {","            local.assetsDict['/'] = local.assetsDict['/assets.index.template.html']","                .replace((/\\{\\{env\\.(\\w+?)\\}\\}/g), function (match0, match1) {","                    // jslint-hack","                    String(match0);","                    switch (match1) {","                    case 'npm_package_description':","                        return 'the greatest app in the world!';","                    case 'npm_package_name':","                        return 'my-app';","                    case 'npm_package_nameAlias':","                        return 'my_app';","                    case 'npm_package_version':","                        return '0.0.1';","                    }","                });","        }","        // run the cli","        if (local.global.utility2_rollup || module !== require.main) {","            break;","        }","        local.assetsDict['/assets.example.js'] =","            local.assetsDict['/assets.example.js'] ||","            local.fs.readFileSync(__filename, 'utf8');","        // bug-workaround - long $npm_package_buildCustomOrg","        /* jslint-ignore-begin */","        local.assetsDict['/assets.npmtest_meetup_api.rollup.js'] =","            local.assetsDict['/assets.npmtest_meetup_api.rollup.js'] ||","            local.fs.readFileSync(","                local.npmtest_meetup_api.__dirname + '/lib.npmtest_meetup_api.js',","                'utf8'","            ).replace((/^#!/), '//');","        /* jslint-ignore-end */","        local.assetsDict['/favicon.ico'] = local.assetsDict['/favicon.ico'] || '';","        // if $npm_config_timeout_exit exists,","        // then exit this process after $npm_config_timeout_exit ms","        if (Number(process.env.npm_config_timeout_exit)) {","            setTimeout(process.exit, Number(process.env.npm_config_timeout_exit));","        }","        // start server","        if (local.global.utility2_serverHttp1) {","            break;","        }","        process.env.PORT = process.env.PORT || '8081';","        console.error('server starting on port ' + process.env.PORT);","        local.http.createServer(function (request, response) {","            request.urlParsed = local.url.parse(request.url);","            if (local.assetsDict[request.urlParsed.pathname] !== undefined) {","                response.end(local.assetsDict[request.urlParsed.pathname]);","                return;","            }","            response.statusCode = 404;","            response.end();","        }).listen(process.env.PORT);","        break;","    }","}());",""],"l":{"26":2,"28":2,"33":2,"35":2,"37":2,"38":2,"39":2,"44":1,"51":2,"55":2,"59":2,"61":2,"69":1,"70":2,"76":2,"79":2,"82":2,"83":2,"85":1,"89":2,"92":1,"93":1,"94":1,"96":1,"97":1,"100":1,"101":1,"103":1,"106":1,"108":2,"114":1,"116":1,"118":1,"123":1,"124":2,"125":2,"126":3,"127":3,"128":3,"129":3,"130":1,"133":3,"134":3,"139":3,"143":1,"144":3,"145":1,"149":1,"150":1,"158":1,"160":1,"161":1,"162":1,"164":1,"166":1,"258":1,"259":1,"271":1,"274":6,"275":6,"277":1,"279":2,"281":1,"283":2,"288":1,"289":1,"291":1,"296":1,"303":1,"306":1,"307":1,"310":1,"311":1,"313":1,"314":1,"315":1,"316":1,"317":1,"318":1,"319":1,"321":1,"322":1,"324":1}},"/home/travis/build/npmtest/node-npmtest-meetup-api/node_modules/meetup-api/index.js":{"path":"/home/travis/build/npmtest/node-npmtest-meetup-api/node_modules/meetup-api/index.js","s":{"1":1},"b":{},"f":{},"fnMap":{},"statementMap":{"1":{"start":{"line":1,"column":0},"end":{"line":1,"column":54}}},"branchMap":{},"code":["exports = module.exports = require('./lib/meetup.js');"],"l":{"1":1}},"/home/travis/build/npmtest/node-npmtest-meetup-api/node_modules/meetup-api/lib/meetup.js":{"path":"/home/travis/build/npmtest/node-npmtest-meetup-api/node_modules/meetup-api/lib/meetup.js","s":{"1":1,"2":1,"3":1,"4":1,"5":1,"6":1,"7":1,"8":0,"9":0,"10":0,"11":0,"12":0,"13":0,"14":0,"15":0,"16":0,"17":0,"18":0,"19":0,"20":0,"21":0,"22":0,"23":0,"24":0,"25":0,"26":0,"27":0,"28":0,"29":0,"30":0,"31":0,"32":0,"33":0,"34":0,"35":0,"36":0,"37":0,"38":0,"39":0,"40":0,"41":0,"42":0,"43":0,"44":0,"45":0,"46":0,"47":0,"48":0,"49":0,"50":0,"51":0,"52":0,"53":0,"54":0,"55":0,"56":0,"57":0,"58":0,"59":0,"60":0,"61":2,"62":4,"63":0,"64":2,"65":2,"66":2,"67":2,"68":0,"69":0,"70":2,"71":2,"72":2,"73":2,"74":0,"75":0,"76":2,"77":0,"78":0,"79":0,"80":0,"81":0,"82":2,"83":2,"84":0,"85":0,"86":0,"87":2,"88":2,"89":2,"90":2,"91":2,"92":0,"93":0,"94":2,"95":2,"96":2,"97":2,"98":2,"99":2,"100":2,"101":0,"102":0,"103":2,"104":2,"105":2,"106":2,"107":2,"108":0,"109":0,"110":2,"111":0,"112":0,"113":0,"114":2,"115":0,"116":0,"117":0,"118":0,"119":2,"120":6,"121":6,"122":0,"123":0,"124":0,"125":0,"126":0,"127":0,"128":0,"129":0,"130":0,"131":0,"132":0,"133":0,"134":0,"135":0,"136":0,"137":0,"138":0,"139":0,"140":0,"141":0,"142":0,"143":1,"144":87,"145":2,"146":2,"147":2,"148":2,"149":2,"150":0,"151":0,"152":2,"153":0,"154":0,"155":2,"156":1,"157":1},"b":{"1":[1,1,1,1,0],"2":[1,0,0,0],"3":[0,0],"4":[0,0],"5":[0,0],"6":[0,0],"7":[0,0],"8":[0,0,0],"9":[0,0],"10":[0,0],"11":[0,0],"12":[0,0],"13":[0,0],"14":[0,0],"15":[0,0,0],"16":[0,0],"17":[0,0],"18":[0,0],"19":[0,0],"20":[0,0],"21":[0,0],"22":[0,4],"23":[2,0,0],"24":[2,2],"25":[0,2],"26":[0,0],"27":[0,0,0],"28":[0,0,0],"29":[0,0],"30":[0,0,0],"31":[0,2],"32":[2,2],"33":[0,0],"34":[0,0],"35":[0,2],"36":[2,0],"37":[2,0],"38":[2,0],"39":[0,2],"40":[2,0],"41":[2,0],"42":[2,2],"43":[0,0],"44":[0,0],"45":[0,0],"46":[0,0],"47":[2,0],"48":[2,0],"49":[0,2],"50":[0,2],"51":[0,0]},"f":{"1":1,"2":0,"3":0,"4":0,"5":0,"6":0,"7":0,"8":0,"9":0,"10":0,"11":0,"12":0,"13":0,"14":0,"15":0,"16":0,"17":0,"18":0,"19":2,"20":2,"21":0,"22":2,"23":2,"24":2,"25":0,"26":0,"27":0,"28":0,"29":0,"30":0,"31":2,"32":1},"fnMap":{"1":{"name":"(anonymous_1)","line":63,"loc":{"start":{"line":63,"column":15},"end":{"line":63,"column":24}}},"2":{"name":"(anonymous_2)","line":73,"loc":{"start":{"line":73,"column":16},"end":{"line":73,"column":19}}},"3":{"name":"(anonymous_3)","line":76,"loc":{"start":{"line":76,"column":15},"end":{"line":76,"column":18}}},"4":{"name":"(anonymous_4)","line":79,"loc":{"start":{"line":79,"column":12},"end":{"line":79,"column":15}}},"5":{"name":"(anonymous_5)","line":82,"loc":{"start":{"line":82,"column":19},"end":{"line":82,"column":22}}},"6":{"name":"(anonymous_6)","line":85,"loc":{"start":{"line":85,"column":20},"end":{"line":85,"column":23}}},"7":{"name":"(anonymous_7)","line":88,"loc":{"start":{"line":88,"column":28},"end":{"line":88,"column":31}}},"8":{"name":"(anonymous_8)","line":91,"loc":{"start":{"line":91,"column":18},"end":{"line":91,"column":21}}},"9":{"name":"(anonymous_9)","line":94,"loc":{"start":{"line":94,"column":15},"end":{"line":94,"column":18}}},"10":{"name":"(anonymous_10)","line":97,"loc":{"start":{"line":97,"column":15},"end":{"line":97,"column":22}}},"11":{"name":"(anonymous_11)","line":100,"loc":{"start":{"line":100,"column":13},"end":{"line":100,"column":16}}},"12":{"name":"(anonymous_12)","line":103,"loc":{"start":{"line":103,"column":13},"end":{"line":103,"column":19}}},"13":{"name":"(anonymous_13)","line":107,"loc":{"start":{"line":107,"column":21},"end":{"line":107,"column":24}}},"14":{"name":"(anonymous_14)","line":119,"loc":{"start":{"line":119,"column":24},"end":{"line":119,"column":35}}},"15":{"name":"(anonymous_15)","line":150,"loc":{"start":{"line":150,"column":23},"end":{"line":150,"column":50}}},"16":{"name":"(anonymous_16)","line":166,"loc":{"start":{"line":166,"column":25},"end":{"line":166,"column":44}}},"17":{"name":"(anonymous_17)","line":205,"loc":{"start":{"line":205,"column":24},"end":{"line":205,"column":51}}},"18":{"name":"(anonymous_18)","line":221,"loc":{"start":{"line":221,"column":28},"end":{"line":221,"column":54}}},"19":{"name":"(anonymous_19)","line":245,"loc":{"start":{"line":245,"column":21},"end":{"line":245,"column":27}}},"20":{"name":"(anonymous_20)","line":254,"loc":{"start":{"line":254,"column":17},"end":{"line":254,"column":39}}},"21":{"name":"(anonymous_21)","line":285,"loc":{"start":{"line":285,"column":17},"end":{"line":285,"column":33}}},"22":{"name":"(anonymous_22)","line":294,"loc":{"start":{"line":294,"column":25},"end":{"line":294,"column":39}}},"23":{"name":"(anonymous_23)","line":318,"loc":{"start":{"line":318,"column":27},"end":{"line":318,"column":33}}},"24":{"name":"(anonymous_24)","line":338,"loc":{"start":{"line":338,"column":15},"end":{"line":338,"column":44}}},"25":{"name":"(anonymous_25)","line":391,"loc":{"start":{"line":391,"column":21},"end":{"line":391,"column":32}}},"26":{"name":"(anonymous_26)","line":396,"loc":{"start":{"line":396,"column":23},"end":{"line":396,"column":36}}},"27":{"name":"(anonymous_27)","line":403,"loc":{"start":{"line":403,"column":18},"end":{"line":403,"column":44}}},"28":{"name":"(anonymous_28)","line":420,"loc":{"start":{"line":420,"column":13},"end":{"line":420,"column":32}}},"29":{"name":"(anonymous_29)","line":446,"loc":{"start":{"line":446,"column":21},"end":{"line":446,"column":32}}},"30":{"name":"(anonymous_30)","line":452,"loc":{"start":{"line":452,"column":18},"end":{"line":452,"column":44}}},"31":{"name":"(anonymous_31)","line":484,"loc":{"start":{"line":484,"column":32},"end":{"line":484,"column":59}}},"32":{"name":"(anonymous_32)","line":521,"loc":{"start":{"line":521,"column":17},"end":{"line":521,"column":34}}}},"statementMap":{"1":{"start":{"line":24,"column":0},"end":{"line":32,"column":49}},"2":{"start":{"line":37,"column":0},"end":{"line":42,"column":7}},"3":{"start":{"line":39,"column":8},"end":{"line":41,"column":38}},"4":{"start":{"line":48,"column":0},"end":{"line":49,"column":13}},"5":{"start":{"line":66,"column":8},"end":{"line":66,"column":70}},"6":{"start":{"line":67,"column":8},"end":{"line":67,"column":28}},"7":{"start":{"line":68,"column":8},"end":{"line":68,"column":29}},"8":{"start":{"line":74,"column":8},"end":{"line":74,"column":60}},"9":{"start":{"line":77,"column":8},"end":{"line":77,"column":50}},"10":{"start":{"line":80,"column":8},"end":{"line":80,"column":47}},"11":{"start":{"line":83,"column":8},"end":{"line":83,"column":54}},"12":{"start":{"line":86,"column":8},"end":{"line":86,"column":55}},"13":{"start":{"line":89,"column":8},"end":{"line":89,"column":63}},"14":{"start":{"line":92,"column":8},"end":{"line":92,"column":53}},"15":{"start":{"line":95,"column":8},"end":{"line":95,"column":30}},"16":{"start":{"line":98,"column":8},"end":{"line":98,"column":36}},"17":{"start":{"line":101,"column":8},"end":{"line":101,"column":42}},"18":{"start":{"line":104,"column":8},"end":{"line":104,"column":52}},"19":{"start":{"line":108,"column":8},"end":{"line":109,"column":53}},"20":{"start":{"line":110,"column":8},"end":{"line":115,"column":10}},"21":{"start":{"line":111,"column":25},"end":{"line":114,"column":13}},"22":{"start":{"line":120,"column":8},"end":{"line":120,"column":108}},"23":{"start":{"line":121,"column":8},"end":{"line":121,"column":63}},"24":{"start":{"line":123,"column":8},"end":{"line":147,"column":9}},"25":{"start":{"line":124,"column":12},"end":{"line":126,"column":21}},"26":{"start":{"line":128,"column":12},"end":{"line":136,"column":14}},"27":{"start":{"line":138,"column":12},"end":{"line":146,"column":15}},"28":{"start":{"line":139,"column":16},"end":{"line":139,"column":40}},"29":{"start":{"line":140,"column":16},"end":{"line":144,"column":17}},"30":{"start":{"line":141,"column":20},"end":{"line":141,"column":59}},"31":{"start":{"line":142,"column":20},"end":{"line":142,"column":73}},"32":{"start":{"line":143,"column":20},"end":{"line":143,"column":97}},"33":{"start":{"line":145,"column":16},"end":{"line":145,"column":46}},"34":{"start":{"line":151,"column":8},"end":{"line":163,"column":10}},"35":{"start":{"line":155,"column":16},"end":{"line":161,"column":17}},"36":{"start":{"line":156,"column":20},"end":{"line":156,"column":36}},"37":{"start":{"line":158,"column":20},"end":{"line":158,"column":61}},"38":{"start":{"line":159,"column":20},"end":{"line":159,"column":75}},"39":{"start":{"line":160,"column":20},"end":{"line":160,"column":35}},"40":{"start":{"line":168,"column":8},"end":{"line":170,"column":31}},"41":{"start":{"line":172,"column":8},"end":{"line":201,"column":9}},"42":{"start":{"line":173,"column":12},"end":{"line":175,"column":21}},"43":{"start":{"line":178,"column":12},"end":{"line":185,"column":14}},"44":{"start":{"line":187,"column":12},"end":{"line":187,"column":52}},"45":{"start":{"line":189,"column":12},"end":{"line":192,"column":15}},"46":{"start":{"line":194,"column":12},"end":{"line":200,"column":13}},"47":{"start":{"line":195,"column":16},"end":{"line":195,"column":40}},"48":{"start":{"line":197,"column":16},"end":{"line":199,"column":25}},"49":{"start":{"line":206,"column":8},"end":{"line":218,"column":15}},"50":{"start":{"line":211,"column":16},"end":{"line":217,"column":17}},"51":{"start":{"line":212,"column":20},"end":{"line":212,"column":36}},"52":{"start":{"line":214,"column":20},"end":{"line":214,"column":61}},"53":{"start":{"line":215,"column":20},"end":{"line":215,"column":63}},"54":{"start":{"line":216,"column":20},"end":{"line":216,"column":35}},"55":{"start":{"line":222,"column":8},"end":{"line":233,"column":15}},"56":{"start":{"line":226,"column":16},"end":{"line":232,"column":17}},"57":{"start":{"line":227,"column":20},"end":{"line":227,"column":36}},"58":{"start":{"line":229,"column":20},"end":{"line":229,"column":61}},"59":{"start":{"line":230,"column":20},"end":{"line":230,"column":63}},"60":{"start":{"line":231,"column":20},"end":{"line":231,"column":35}},"61":{"start":{"line":246,"column":8},"end":{"line":250,"column":9}},"62":{"start":{"line":247,"column":12},"end":{"line":249,"column":13}},"63":{"start":{"line":248,"column":16},"end":{"line":248,"column":42}},"64":{"start":{"line":256,"column":8},"end":{"line":256,"column":90}},"65":{"start":{"line":259,"column":8},"end":{"line":260,"column":62}},"66":{"start":{"line":263,"column":8},"end":{"line":263,"column":30}},"67":{"start":{"line":266,"column":8},"end":{"line":271,"column":10}},"68":{"start":{"line":268,"column":16},"end":{"line":268,"column":100}},"69":{"start":{"line":269,"column":16},"end":{"line":269,"column":48}},"70":{"start":{"line":273,"column":8},"end":{"line":274,"column":93}},"71":{"start":{"line":276,"column":8},"end":{"line":276,"column":57}},"72":{"start":{"line":278,"column":8},"end":{"line":278,"column":27}},"73":{"start":{"line":281,"column":8},"end":{"line":281,"column":19}},"74":{"start":{"line":287,"column":8},"end":{"line":290,"column":10}},"75":{"start":{"line":289,"column":33},"end":{"line":289,"column":47}},"76":{"start":{"line":296,"column":8},"end":{"line":313,"column":9}},"77":{"start":{"line":298,"column":12},"end":{"line":305,"column":13}},"78":{"start":{"line":300,"column":16},"end":{"line":304,"column":18}},"79":{"start":{"line":307,"column":12},"end":{"line":311,"column":13}},"80":{"start":{"line":309,"column":16},"end":{"line":309,"column":92}},"81":{"start":{"line":310,"column":16},"end":{"line":310,"column":61}},"82":{"start":{"line":320,"column":8},"end":{"line":320,"column":25}},"83":{"start":{"line":322,"column":8},"end":{"line":331,"column":9}},"84":{"start":{"line":324,"column":12},"end":{"line":324,"column":45}},"85":{"start":{"line":328,"column":12},"end":{"line":328,"column":114}},"86":{"start":{"line":330,"column":12},"end":{"line":330,"column":41}},"87":{"start":{"line":333,"column":8},"end":{"line":333,"column":21}},"88":{"start":{"line":340,"column":8},"end":{"line":340,"column":38}},"89":{"start":{"line":343,"column":8},"end":{"line":343,"column":80}},"90":{"start":{"line":346,"column":8},"end":{"line":346,"column":58}},"91":{"start":{"line":349,"column":8},"end":{"line":352,"column":9}},"92":{"start":{"line":350,"column":12},"end":{"line":350,"column":46}},"93":{"start":{"line":351,"column":12},"end":{"line":351,"column":32}},"94":{"start":{"line":355,"column":8},"end":{"line":358,"column":26}},"95":{"start":{"line":361,"column":8},"end":{"line":388,"column":9}},"96":{"start":{"line":362,"column":12},"end":{"line":387,"column":14}},"97":{"start":{"line":364,"column":20},"end":{"line":364,"column":40}},"98":{"start":{"line":366,"column":20},"end":{"line":383,"column":21}},"99":{"start":{"line":368,"column":24},"end":{"line":373,"column":25}},"100":{"start":{"line":369,"column":25},"end":{"line":369,"column":102}},"101":{"start":{"line":371,"column":7},"end":{"line":371,"column":23}},"102":{"start":{"line":372,"column":7},"end":{"line":372,"column":19}},"103":{"start":{"line":375,"column":24},"end":{"line":382,"column":25}},"104":{"start":{"line":376,"column":25},"end":{"line":376,"column":51}},"105":{"start":{"line":377,"column":28},"end":{"line":381,"column":30}},"106":{"start":{"line":385,"column":20},"end":{"line":385,"column":57}},"107":{"start":{"line":391,"column":8},"end":{"line":394,"column":10}},"108":{"start":{"line":392,"column":12},"end":{"line":392,"column":24}},"109":{"start":{"line":393,"column":12},"end":{"line":393,"column":24}},"110":{"start":{"line":396,"column":8},"end":{"line":400,"column":10}},"111":{"start":{"line":397,"column":12},"end":{"line":397,"column":44}},"112":{"start":{"line":398,"column":12},"end":{"line":398,"column":28}},"113":{"start":{"line":399,"column":12},"end":{"line":399,"column":24}},"114":{"start":{"line":403,"column":8},"end":{"line":410,"column":10}},"115":{"start":{"line":404,"column":12},"end":{"line":408,"column":13}},"116":{"start":{"line":405,"column":16},"end":{"line":405,"column":49}},"117":{"start":{"line":407,"column":16},"end":{"line":407,"column":40}},"118":{"start":{"line":409,"column":12},"end":{"line":409,"column":24}},"119":{"start":{"line":413,"column":8},"end":{"line":416,"column":11}},"120":{"start":{"line":414,"column":12},"end":{"line":414,"column":35}},"121":{"start":{"line":415,"column":12},"end":{"line":415,"column":24}},"122":{"start":{"line":422,"column":8},"end":{"line":422,"column":38}},"123":{"start":{"line":425,"column":8},"end":{"line":425,"column":55}},"124":{"start":{"line":428,"column":8},"end":{"line":428,"column":53}},"125":{"start":{"line":431,"column":8},"end":{"line":431,"column":26}},"126":{"start":{"line":433,"column":8},"end":{"line":433,"column":32}},"127":{"start":{"line":437,"column":8},"end":{"line":438,"column":53}},"128":{"start":{"line":440,"column":8},"end":{"line":440,"column":32}},"129":{"start":{"line":443,"column":8},"end":{"line":443,"column":43}},"130":{"start":{"line":446,"column":8},"end":{"line":449,"column":10}},"131":{"start":{"line":447,"column":12},"end":{"line":447,"column":25}},"132":{"start":{"line":448,"column":12},"end":{"line":448,"column":24}},"133":{"start":{"line":452,"column":8},"end":{"line":463,"column":10}},"134":{"start":{"line":453,"column":12},"end":{"line":461,"column":13}},"135":{"start":{"line":454,"column":16},"end":{"line":457,"column":19}},"136":{"start":{"line":456,"column":20},"end":{"line":456,"column":58}},"137":{"start":{"line":460,"column":16},"end":{"line":460,"column":39}},"138":{"start":{"line":462,"column":12},"end":{"line":462,"column":24}},"139":{"start":{"line":466,"column":8},"end":{"line":470,"column":10}},"140":{"start":{"line":471,"column":8},"end":{"line":474,"column":11}},"141":{"start":{"line":472,"column":12},"end":{"line":472,"column":34}},"142":{"start":{"line":473,"column":12},"end":{"line":473,"column":24}},"143":{"start":{"line":482,"column":0},"end":{"line":515,"column":2}},"144":{"start":{"line":484,"column":8},"end":{"line":513,"column":10}},"145":{"start":{"line":486,"column":12},"end":{"line":509,"column":13}},"146":{"start":{"line":488,"column":16},"end":{"line":489,"column":64}},"147":{"start":{"line":492,"column":16},"end":{"line":492,"column":79}},"148":{"start":{"line":495,"column":16},"end":{"line":495,"column":75}},"149":{"start":{"line":498,"column":16},"end":{"line":501,"column":17}},"150":{"start":{"line":499,"column":20},"end":{"line":499,"column":38}},"151":{"start":{"line":500,"column":20},"end":{"line":500,"column":32}},"152":{"start":{"line":503,"column":16},"end":{"line":503,"column":85}},"153":{"start":{"line":505,"column":19},"end":{"line":509,"column":13}},"154":{"start":{"line":507,"column":16},"end":{"line":507,"column":56}},"155":{"start":{"line":512,"column":12},"end":{"line":512,"column":24}},"156":{"start":{"line":521,"column":0},"end":{"line":526,"column":2}},"157":{"start":{"line":524,"column":4},"end":{"line":524,"column":30}}},"branchMap":{"1":{"line":39,"type":"binary-expr","locations":[{"start":{"line":39,"column":16},"end":{"line":39,"column":43}},{"start":{"line":40,"column":17},"end":{"line":40,"column":53}},{"start":{"line":40,"column":57},"end":{"line":40,"column":61}},{"start":{"line":41,"column":16},"end":{"line":41,"column":29}},{"start":{"line":41,"column":33},"end":{"line":41,"column":37}}]},"2":{"line":66,"type":"binary-expr","locations":[{"start":{"line":66,"column":23},"end":{"line":66,"column":29}},{"start":{"line":66,"column":34},"end":{"line":66,"column":44}},{"start":{"line":66,"column":48},"end":{"line":66,"column":60}},{"start":{"line":66,"column":64},"end":{"line":66,"column":68}}]},"3":{"line":98,"type":"binary-expr","locations":[{"start":{"line":98,"column":23},"end":{"line":98,"column":27}},{"start":{"line":98,"column":31},"end":{"line":98,"column":35}}]},"4":{"line":101,"type":"binary-expr","locations":[{"start":{"line":101,"column":18},"end":{"line":101,"column":28}},{"start":{"line":101,"column":32},"end":{"line":101,"column":40}}]},"5":{"line":104,"type":"cond-expr","locations":[{"start":{"line":104,"column":41},"end":{"line":104,"column":44}},{"start":{"line":104,"column":47},"end":{"line":104,"column":51}}]},"6":{"line":104,"type":"binary-expr","locations":[{"start":{"line":104,"column":20},"end":{"line":104,"column":30}},{"start":{"line":104,"column":34},"end":{"line":104,"column":37}}]},"7":{"line":120,"type":"cond-expr","locations":[{"start":{"line":120,"column":85},"end":{"line":120,"column":89}},{"start":{"line":120,"column":92},"end":{"line":120,"column":107}}]},"8":{"line":120,"type":"binary-expr","locations":[{"start":{"line":120,"column":26},"end":{"line":120,"column":38}},{"start":{"line":120,"column":42},"end":{"line":120,"column":58}},{"start":{"line":120,"column":62},"end":{"line":120,"column":81}}]},"9":{"line":121,"type":"cond-expr","locations":[{"start":{"line":121,"column":31},"end":{"line":121,"column":41}},{"start":{"line":121,"column":44},"end":{"line":121,"column":62}}]},"10":{"line":123,"type":"if","locations":[{"start":{"line":123,"column":8},"end":{"line":123,"column":8}},{"start":{"line":123,"column":8},"end":{"line":123,"column":8}}]},"11":{"line":140,"type":"if","locations":[{"start":{"line":140,"column":16},"end":{"line":140,"column":16}},{"start":{"line":140,"column":16},"end":{"line":140,"column":16}}]},"12":{"line":155,"type":"if","locations":[{"start":{"line":155,"column":16},"end":{"line":155,"column":16}},{"start":{"line":155,"column":16},"end":{"line":155,"column":16}}]},"13":{"line":168,"type":"cond-expr","locations":[{"start":{"line":169,"column":12},"end":{"line":169,"column":94}},{"start":{"line":170,"column":12},"end":{"line":170,"column":30}}]},"14":{"line":169,"type":"cond-expr","locations":[{"start":{"line":169,"column":72},"end":{"line":169,"column":76}},{"start":{"line":169,"column":79},"end":{"line":169,"column":94}}]},"15":{"line":169,"type":"binary-expr","locations":[{"start":{"line":169,"column":13},"end":{"line":169,"column":25}},{"start":{"line":169,"column":29},"end":{"line":169,"column":45}},{"start":{"line":169,"column":49},"end":{"line":169,"column":68}}]},"16":{"line":172,"type":"if","locations":[{"start":{"line":172,"column":8},"end":{"line":172,"column":8}},{"start":{"line":172,"column":8},"end":{"line":172,"column":8}}]},"17":{"line":190,"type":"binary-expr","locations":[{"start":{"line":190,"column":31},"end":{"line":190,"column":51}},{"start":{"line":190,"column":55},"end":{"line":190,"column":61}}]},"18":{"line":194,"type":"if","locations":[{"start":{"line":194,"column":12},"end":{"line":194,"column":12}},{"start":{"line":194,"column":12},"end":{"line":194,"column":12}}]},"19":{"line":211,"type":"if","locations":[{"start":{"line":211,"column":16},"end":{"line":211,"column":16}},{"start":{"line":211,"column":16},"end":{"line":211,"column":16}}]},"20":{"line":223,"type":"binary-expr","locations":[{"start":{"line":223,"column":12},"end":{"line":223,"column":25}},{"start":{"line":223,"column":29},"end":{"line":223,"column":55}}]},"21":{"line":226,"type":"if","locations":[{"start":{"line":226,"column":16},"end":{"line":226,"column":16}},{"start":{"line":226,"column":16},"end":{"line":226,"column":16}}]},"22":{"line":247,"type":"if","locations":[{"start":{"line":247,"column":12},"end":{"line":247,"column":12}},{"start":{"line":247,"column":12},"end":{"line":247,"column":12}}]},"23":{"line":256,"type":"binary-expr","locations":[{"start":{"line":256,"column":22},"end":{"line":256,"column":34}},{"start":{"line":256,"column":39},"end":{"line":256,"column":71}},{"start":{"line":256,"column":77},"end":{"line":256,"column":89}}]},"24":{"line":260,"type":"binary-expr","locations":[{"start":{"line":260,"column":22},"end":{"line":260,"column":55}},{"start":{"line":260,"column":59},"end":{"line":260,"column":61}}]},"25":{"line":296,"type":"if","locations":[{"start":{"line":296,"column":8},"end":{"line":296,"column":8}},{"start":{"line":296,"column":8},"end":{"line":296,"column":8}}]},"26":{"line":298,"type":"if","locations":[{"start":{"line":298,"column":12},"end":{"line":298,"column":12}},{"start":{"line":298,"column":12},"end":{"line":298,"column":12}}]},"27":{"line":302,"type":"binary-expr","locations":[{"start":{"line":302,"column":20},"end":{"line":302,"column":26}},{"start":{"line":302,"column":30},"end":{"line":302,"column":53}},{"start":{"line":302,"column":57},"end":{"line":302,"column":82}}]},"28":{"line":303,"type":"binary-expr","locations":[{"start":{"line":303,"column":20},"end":{"line":303,"column":26}},{"start":{"line":303,"column":30},"end":{"line":303,"column":56}},{"start":{"line":303,"column":60},"end":{"line":303,"column":92}}]},"29":{"line":307,"type":"if","locations":[{"start":{"line":307,"column":12},"end":{"line":307,"column":12}},{"start":{"line":307,"column":12},"end":{"line":307,"column":12}}]},"30":{"line":309,"type":"binary-expr","locations":[{"start":{"line":309,"column":29},"end":{"line":309,"column":35}},{"start":{"line":309,"column":39},"end":{"line":309,"column":62}},{"start":{"line":309,"column":66},"end":{"line":309,"column":91}}]},"31":{"line":322,"type":"if","locations":[{"start":{"line":322,"column":8},"end":{"line":322,"column":8}},{"start":{"line":322,"column":8},"end":{"line":322,"column":8}}]},"32":{"line":322,"type":"binary-expr","locations":[{"start":{"line":322,"column":12},"end":{"line":322,"column":22}},{"start":{"line":322,"column":26},"end":{"line":322,"column":34}}]},"33":{"line":328,"type":"cond-expr","locations":[{"start":{"line":328,"column":52},"end":{"line":328,"column":104}},{"start":{"line":328,"column":108},"end":{"line":328,"column":113}}]},"34":{"line":328,"type":"binary-expr","locations":[{"start":{"line":328,"column":52},"end":{"line":328,"column":75}},{"start":{"line":328,"column":79},"end":{"line":328,"column":104}}]},"35":{"line":349,"type":"if","locations":[{"start":{"line":349,"column":8},"end":{"line":349,"column":8}},{"start":{"line":349,"column":8},"end":{"line":349,"column":8}}]},"36":{"line":349,"type":"binary-expr","locations":[{"start":{"line":349,"column":12},"end":{"line":349,"column":24}},{"start":{"line":349,"column":28},"end":{"line":349,"column":52}}]},"37":{"line":361,"type":"if","locations":[{"start":{"line":361,"column":8},"end":{"line":361,"column":8}},{"start":{"line":361,"column":8},"end":{"line":361,"column":8}}]},"38":{"line":366,"type":"if","locations":[{"start":{"line":366,"column":20},"end":{"line":366,"column":20}},{"start":{"line":366,"column":20},"end":{"line":366,"column":20}}]},"39":{"line":369,"type":"cond-expr","locations":[{"start":{"line":369,"column":70},"end":{"line":369,"column":90}},{"start":{"line":369,"column":93},"end":{"line":369,"column":101}}]},"40":{"line":375,"type":"if","locations":[{"start":{"line":375,"column":24},"end":{"line":375,"column":24}},{"start":{"line":375,"column":24},"end":{"line":375,"column":24}}]},"41":{"line":376,"type":"binary-expr","locations":[{"start":{"line":376,"column":36},"end":{"line":376,"column":44}},{"start":{"line":376,"column":48},"end":{"line":376,"column":50}}]},"42":{"line":385,"type":"binary-expr","locations":[{"start":{"line":385,"column":29},"end":{"line":385,"column":32}},{"start":{"line":385,"column":36},"end":{"line":385,"column":45}}]},"43":{"line":397,"type":"cond-expr","locations":[{"start":{"line":397,"column":37},"end":{"line":397,"column":38}},{"start":{"line":397,"column":41},"end":{"line":397,"column":43}}]},"44":{"line":404,"type":"if","locations":[{"start":{"line":404,"column":12},"end":{"line":404,"column":12}},{"start":{"line":404,"column":12},"end":{"line":404,"column":12}}]},"45":{"line":404,"type":"binary-expr","locations":[{"start":{"line":404,"column":16},"end":{"line":404,"column":32}},{"start":{"line":404,"column":36},"end":{"line":404,"column":52}}]},"46":{"line":453,"type":"if","locations":[{"start":{"line":453,"column":12},"end":{"line":453,"column":12}},{"start":{"line":453,"column":12},"end":{"line":453,"column":12}}]},"47":{"line":486,"type":"if","locations":[{"start":{"line":486,"column":12},"end":{"line":486,"column":12}},{"start":{"line":486,"column":12},"end":{"line":486,"column":12}}]},"48":{"line":492,"type":"cond-expr","locations":[{"start":{"line":492,"column":58},"end":{"line":492,"column":64}},{"start":{"line":492,"column":67},"end":{"line":492,"column":78}}]},"49":{"line":495,"type":"cond-expr","locations":[{"start":{"line":495,"column":56},"end":{"line":495,"column":60}},{"start":{"line":495,"column":63},"end":{"line":495,"column":74}}]},"50":{"line":498,"type":"if","locations":[{"start":{"line":498,"column":16},"end":{"line":498,"column":16}},{"start":{"line":498,"column":16},"end":{"line":498,"column":16}}]},"51":{"line":505,"type":"if","locations":[{"start":{"line":505,"column":19},"end":{"line":505,"column":19}},{"start":{"line":505,"column":19},"end":{"line":505,"column":19}}]}},"code":["/*jslint node: true, maxcomplexity: 7 */","'use strict';","/*","    Meetup.js - Node JS Meetup API library","","    This library is free software: you can redistribute it and/or modify","    it under the terms of the GNU General Public License as published by","    the Free Software Foundation, either version 3 of the License, or","    (at your option) any later version.","","    This library is distributed in the hope that it will be useful,","    but WITHOUT ANY WARRANTY; without even the implied warranty of","    MERCHANTABILITY or FITNESS FOR A PARTICULAR PURPOSE.  See the","    GNU General Public License for more details.","","    You should have received a copy of the GNU General Public License","    along with this library.  If not, see <http://www.gnu.org/licenses/>.","*/","","/*"," * Module dependencies"," */","","var request = require('superagent'),","    websocket = require('websocket-stream'),","    JSONStream = require('JSONStream'),","    evStream = require('event-stream'),","    URLfn = require('url'),","    util = require('util'),","    endpoints = require('./endpoints.json'),","    packageJSON = require('../package.json'),","    requireOpt = require('./myUtils').requireOpt;","","/*"," * Optional module dependencies"," */","var ProxyAgent = requireOpt('proxy-agent'),","    OAuth = requireOpt(['oauth','superagent-oauth'], (modules) => {","        return  modules['superagent-oauth'] && ","                (modules['superagent-oauth'](request) || true) && ","                modules.oauth || null;","    });","","/*"," *  Module private variables"," */","","let MeetupAPIkey,","    ProxyURI;","","/*"," * Constructor"," *"," * @params"," *      {key} Meetup API key"," *      {oath}{key, secret} Meetup API oauth object"," * @return {Object} new instance"," */","","class Meetup {","","    // Meetup contructor","    constructor(params) {","","        // Assign Meetup auth data","        MeetupAPIkey = params && (params.key || params.oauth || null);","        Meetup.oauth = null;","        Meetup.oauth2 = null;","","    }","","    // create metadata properties","    get commands() {","        return Object.freeze(Object.keys(Meetup.prototype)); // delete this","    }","    get version() {","        return Object.freeze(packageJSON.version);","    }","    get name() {","        return Object.freeze(packageJSON.name);","    }","    get description() {","        return Object.freeze(packageJSON.description);","    }","    get dependencies() {","        return Object.freeze(packageJSON.dependencies);","    }","    get optionalDependencies() {","        return Object.freeze(packageJSON.optionalDependencies);","    }","    get repository() {","        return Object.freeze(packageJSON.repository);","    }","    get authkey() {","        return !!MeetupAPIkey;","    }","    set authkey(auth) {","        MeetupAPIkey = auth || null;","    }","    get proxy() {","        return !!(ProxyAgent && ProxyURI);","    }","    set proxy(uri) {","        ProxyURI = (ProxyAgent && uri) ? uri : null;","    }","","    [Symbol.iterator]() {","        let index = -1,","            commands = Object.keys(Meetup.prototype);","        return {","            next: () => ({","                value: commands[++index],","                done: index === commands.length","            })","        };","    }","","    // OAUTH functions","    getOAuthRequestToken(callback) {","        let errMessage = (MeetupAPIkey && MeetupAPIkey.key && MeetupAPIkey.secret) ? null : 'No OAuth Keys';","        errMessage = (OAuth) ? errMessage : 'No OAuth support';","","        if (errMessage) {","            callback({","                message: errMessage","            }, null);","        } else {","            Meetup.oauth = new OAuth.OAuth(","                'https://api.meetup.com/oauth/request/',","                'https://api.meetup.com/oauth/access/',","                MeetupAPIkey.key,","                MeetupAPIkey.secret,","                '1.0',","                null,","                'HMAC-SHA1'","            );","","            return Meetup.oauth.getOAuthRequestToken({}, (error, oauth_token, oauth_token_secret) => {","                let authorizeURL = null;","                if (!error) {","                    MeetupAPIkey.oauth_token = oauth_token;","                    MeetupAPIkey.oauth_token_secret = oauth_token_secret;","                    authorizeURL = 'http://www.meetup.com/authorize/?oauth_token=' + oauth_token;","                }","                callback(error, authorizeURL);","            });","        }","    }","","    getOAuthAccessToken(oauth_verifier, callback) {","        return Meetup.oauth.getOAuthAccessToken(","            MeetupAPIkey.oauth_token,","            MeetupAPIkey.oauth_token_secret,","            oauth_verifier, (error, access_token, access_token_secret) => {","                if (error) {","                    callback(error);","                } else {","                    MeetupAPIkey.access_token = access_token;","                    MeetupAPIkey.access_token_secret = access_token_secret;","                    callback(null);","                }","            }","        );","    }","","    getOAuth2RequestToken(params, callback) {","","        let errMessage = (OAuth) ?","            (MeetupAPIkey && MeetupAPIkey.key && MeetupAPIkey.secret) ? null : 'No OAuth Keys' :","            'No OAuth support';","","        if (errMessage) {","            callback({","                message: errMessage","            }, null);","        } else {","","            Meetup.oauth2 = new OAuth.OAuth2(","                MeetupAPIkey.key,","                MeetupAPIkey.secret,","                'https://secure.meetup.com/',","                'oauth2/authorize',","                'oauth2/access',","                null","            );","","            MeetupAPIkey.redirect = params.redirect;","","            let authURL = Meetup.oauth2.getAuthorizeUrl({","                response_type: params.response_type || 'code',","                redirect_uri: params.redirect","            });","","            if (authURL) {","                callback(null, authURL);","            } else {","                callback({","                    message: 'No authURL return'","                }, null);","            }","        }","","    }","","    getOAuth2AccessToken(oauth_verifier, callback) {","        return Meetup.oauth2.getOAuthAccessToken(","            oauth_verifier, {","                redirect_uri: MeetupAPIkey.redirect,","                grant_type: 'authorization_code'","            }, (error, access_token, refresh_token) => {","                if (error) {","                    callback(error);","                } else {","                    MeetupAPIkey.access_token = access_token;","                    MeetupAPIkey.refresh_token = refresh_token;","                    callback(null);","                }","            });","    }","","    refreshOAuth2AccessToken(refresh_token, callback) {","        return Meetup.oauth2.getOAuthAccessToken(","            refresh_token || MeetupAPIkey.refresh_token, {","                grant_type: 'refresh_token'","            }, (error, access_token, refresh_token) => {","                if (error) {","                    callback(error);","                } else {","                    MeetupAPIkey.access_token = access_token;","                    MeetupAPIkey.refresh_token = refresh_token;","                    callback(null);","                }","            });","    }","","}","","/*"," * Request functions"," */","","class APIRequest {","","    // Preprocess params (used by 'Create Meetup prototypes')","    static preProcess(obj) {","        for (let i in obj) {","            if (util.isArray(obj[i])) {","                obj[i] = obj[i].join(',');","            }","        }","    }","","    // Create request object (used by 'HTTP(S) request')","    static create(method, url, params) {","        // insert meetupAPIkey only if it exists  ","        params.key = (MeetupAPIkey && (typeof MeetupAPIkey === 'string')) && MeetupAPIkey;","","        // supply url vars","        let thisUrl = URLfn.parse(url, true),","            urlVars = thisUrl.pathname.match(/\\/:\\w+/g) || [];","","        // disable url.search to force URL.format to use url.query","        thisUrl.search = null;","","        // replace url variables with parameters data and delete the populated properties from params ","        urlVars.forEach(","            urlVar => {","                thisUrl.pathname = thisUrl.pathname.replace(urlVar, '/' + params[urlVar.substr(2)]);","                delete params[urlVar.substr(2)];","            }","        );","","        let req = request(method, URLfn.format(thisUrl))","            .set('User-Agent', packageJSON.name + '/NodejsClientLib/' + packageJSON.version);","","        let agent = APIRequest.createProxyAgent(thisUrl);","","        req._agent = agent;","","        // return request object","        return req;","    }","","    // Stream event","    static stream(req, callback) {","        // create stream","        req.pipe(JSONStream.parse()).pipe(","            // return data on event","            evStream.map(data => callback(data))","        );","    }","","    // Add Oauth params (used by 'HTTP(S) request')","    static addOauthParams(req, params) {","","        if (typeof MeetupAPIkey === 'object') {","","            if (Meetup.oauth) {","                //add oauth keys","                req.sign(","                    Meetup.oauth,","                    params && params.access_token_key || MeetupAPIkey.access_token,","                    params && params.access_token_secret || MeetupAPIkey.access_token_secret","                );","            }","","            if (Meetup.oauth2) {","                //add oauth2 bearer","                let bearer = params && params.access_token_key || MeetupAPIkey.access_token;","                req.set('Authorization', 'Bearer ' + bearer);","            }","","        }","","    }","","    // create proxy agent object","    static createProxyAgent(url) {","","        let agent = null;","","        if (ProxyAgent && ProxyURI) {","            // create an instance of the `ProxyAgent` class with the proxy server information ","            let opts = URLfn.parse(ProxyURI);","","            // IMPORTANT! Set the `secureEndpoint` option to `false` when connecting ","            //            over \"ws://\", but `true` when connecting over \"wss://\" ","            opts.secureEndpoint = (url.protocol) ? (url.protocol === 'wss:' || url.protocol === 'https:') : false;","","            agent = new ProxyAgent(opts);","        }","","        return agent;","","    }","","    // HTTP(S) request","    static http(endpoint, params, callback) {","        // preprocess parameters","        APIRequest.preProcess(params);","","        // create request","        let req = APIRequest.create(endpoint.method, endpoint.resource, params);","","        // add OAUTH parameters for request","        APIRequest.addOauthParams.call(this, req, params);","","        // add MultiPart photo upload","        if (params.photo && endpoint.multipart_photo) {","            req.attach('photo', params.photo);","            delete params.photo;","        }","","        // add query params &","        req.query(params)","            .set('Accept', '*/*')","            .set('User-Agent', packageJSON.name + '/NodejsClientLib/' + packageJSON.version)","            .buffer(true);","","        // execute the request","        if (!endpoint.chunked) {","            req.end(","                (err, res) => {","                    let response = null;","","                    if (!err) {","                                            ","                        try {","                        \tresponse = (!Object.keys(res.body).length) ? JSON.parse(res.text) : res.body;","                        } catch(error) {","\t\t\t\t\t\t\tresponse = null;","\t\t\t\t\t\t\terr = error;","                        }","","                        if (res.header['x-ratelimit-limit']) {","                        \tresponse = response || {};","                            response.ratelimit = {","                                limit: res.header['x-ratelimit-limit'],","                                remaining: res.header['x-ratelimit-remaining'],","                                reset: res.header['x-ratelimit-reset']","                            };","                        }","                    }","","                    callback(err || res.error, response);","                }","            );","        }","","        // request funtions","        this.abort = function() {","            req.abort();","            return this;","        };","","        this.timeout = function(ms) {","            ms = (params.callback) ? 0 : ms;","            req.timeout(ms);","            return this;","        };","","        // pass callback to request events & create stream on chunked HTTP endpoints","        this.on = function(event, callback) {","            if (endpoint.chunked && event === 'data') {","                APIRequest.stream(req, callback);","            } else {","                req.on(event, callback);","            }","            return this;","        };","","        // listeners functions","        ['removeListener', 'removeAllListeners', 'setMaxListeners'].forEach(fnct => {","            this[fnct] = req[fnct];","            return this;","        });","    }","","    // WebSocket request","    static ws(endpoint, params) {","        // preprocess parameters","        APIRequest.preProcess(params);","","        // supply url vars","        let url = URLfn.parse(endpoint.resource, true);","","        // add query to url","        url.query = Object.assign(url.query, params);","","        // disable url.search to force URL.format to use url.query","        url.search = null;","","        url = URLfn.format(url);","","","        // define websocket options","        let wsoptions = {},","            agent = APIRequest.createProxyAgent(url);","","        wsoptions.agent = agent;","","        // create websocket connection","        let ws = websocket(url, wsoptions);","","        // abort websocket stream","        this.abort = function() {","            ws.destroy();","            return this;","        };","","        // pass websocket events","        this.on = function(event, callback) {","            if (event === 'data') {","                ws.on(event, data => {","                    // parse buffer string to JSON and return to the callback","                    callback(JSON.parse(data.toString()));","                });","            } else {","                // pass call back to websocket event","                ws.on(event, callback);","            }","            return this;","        };","","        // listeners functions","        let listeners = [","            'removeListener',","            'removeAllListeners',","            'setMaxListeners'","        ];","        listeners.forEach(fnct => {","            this[fnct] = ws[fnct];","            return this;","        });","    }","}","","/*"," * Create Meetup prototypes"," */","","Object.keys(endpoints).forEach(","    key => {","        Meetup.prototype[key] = function(params, callback) {","","            if (!endpoints[key].disable) {","                // parse endpoint url and get the protocol (without ':')","                let url = URLfn.parse(endpoints[key].resource),","                    reqprotocol = url.protocol.replace(':', '');","","                // replace 'https' with 'http' to use the same request function","                reqprotocol = (reqprotocol === 'https') ? 'http' : reqprotocol;","","                // replace 'wss' with 'ws' to use the same request function","                reqprotocol = (reqprotocol === 'wss') ? 'ws' : reqprotocol;","","                // assign param function to callback","                if ('function' === typeof params) {","                    callback = params;","                    params = {};","                }","","                APIRequest[reqprotocol].call(this, endpoints[key], params, callback);","","            } else if (endpoints[key].comments) {","","                callback(endpoints[key].comments, null);","","            }","","            // return Meetup object","            return this;","        };","    }",");","","/*"," * Export new constructor wrapper"," */","","module.exports = function(params) {","","    // return new Meetup object on require","    return new Meetup(params);","","};",""],"l":{"24":1,"37":1,"39":1,"48":1,"66":1,"67":1,"68":1,"74":0,"77":0,"80":0,"83":0,"86":0,"89":0,"92":0,"95":0,"98":0,"101":0,"104":0,"108":0,"110":0,"111":0,"120":0,"121":0,"123":0,"124":0,"128":0,"138":0,"139":0,"140":0,"141":0,"142":0,"143":0,"145":0,"151":0,"155":0,"156":0,"158":0,"159":0,"160":0,"168":0,"172":0,"173":0,"178":0,"187":0,"189":0,"194":0,"195":0,"197":0,"206":0,"211":0,"212":0,"214":0,"215":0,"216":0,"222":0,"226":0,"227":0,"229":0,"230":0,"231":0,"246":2,"247":4,"248":0,"256":2,"259":2,"263":2,"266":2,"268":0,"269":0,"273":2,"276":2,"278":2,"281":2,"287":0,"289":0,"296":2,"298":0,"300":0,"307":0,"309":0,"310":0,"320":2,"322":2,"324":0,"328":0,"330":0,"333":2,"340":2,"343":2,"346":2,"349":2,"350":0,"351":0,"355":2,"361":2,"362":2,"364":2,"366":2,"368":2,"369":2,"371":0,"372":0,"375":2,"376":2,"377":2,"385":2,"391":2,"392":0,"393":0,"396":2,"397":0,"398":0,"399":0,"403":2,"404":0,"405":0,"407":0,"409":0,"413":2,"414":6,"415":6,"422":0,"425":0,"428":0,"431":0,"433":0,"437":0,"440":0,"443":0,"446":0,"447":0,"448":0,"452":0,"453":0,"454":0,"456":0,"460":0,"462":0,"466":0,"471":0,"472":0,"473":0,"482":1,"484":87,"486":2,"488":2,"492":2,"495":2,"498":2,"499":0,"500":0,"503":2,"505":0,"507":0,"512":2,"521":1,"524":1}},"/home/travis/build/npmtest/node-npmtest-meetup-api/node_modules/meetup-api/lib/myUtils.js":{"path":"/home/travis/build/npmtest/node-npmtest-meetup-api/node_modules/meetup-api/lib/myUtils.js","s":{"1":1,"2":2,"3":2,"4":1,"5":2,"6":2,"7":0,"8":0,"9":0,"10":2,"11":1,"12":1,"13":0,"14":0,"15":0,"16":2},"b":{"1":[1,1],"2":[0,0],"3":[0,0],"4":[2,1,1,1,0,1,0]},"f":{"1":2},"fnMap":{"1":{"name":"(anonymous_1)","line":5,"loc":{"start":{"line":5,"column":28},"end":{"line":5,"column":50}}}},"statementMap":{"1":{"start":{"line":5,"column":0},"end":{"line":36,"column":2}},"2":{"start":{"line":6,"column":1},"end":{"line":6,"column":18}},"3":{"start":{"line":8,"column":1},"end":{"line":32,"column":2}},"4":{"start":{"line":10,"column":2},"end":{"line":20,"column":9}},"5":{"start":{"line":11,"column":3},"end":{"line":18,"column":4}},"6":{"start":{"line":12,"column":4},"end":{"line":12,"column":40}},"7":{"start":{"line":14,"column":4},"end":{"line":16,"column":5}},"8":{"start":{"line":15,"column":5},"end":{"line":15,"column":18}},"9":{"start":{"line":17,"column":4},"end":{"line":17,"column":16}},"10":{"start":{"line":19,"column":3},"end":{"line":19,"column":18}},"11":{"start":{"line":24,"column":2},"end":{"line":31,"column":3}},"12":{"start":{"line":25,"column":3},"end":{"line":25,"column":39}},"13":{"start":{"line":27,"column":3},"end":{"line":29,"column":4}},"14":{"start":{"line":28,"column":4},"end":{"line":28,"column":17}},"15":{"start":{"line":30,"column":3},"end":{"line":30,"column":27}},"16":{"start":{"line":34,"column":1},"end":{"line":34,"column":92}}},"branchMap":{"1":{"line":8,"type":"if","locations":[{"start":{"line":8,"column":1},"end":{"line":8,"column":1}},{"start":{"line":8,"column":1},"end":{"line":8,"column":1}}]},"2":{"line":14,"type":"if","locations":[{"start":{"line":14,"column":4},"end":{"line":14,"column":4}},{"start":{"line":14,"column":4},"end":{"line":14,"column":4}}]},"3":{"line":27,"type":"if","locations":[{"start":{"line":27,"column":3},"end":{"line":27,"column":3}},{"start":{"line":27,"column":3},"end":{"line":27,"column":3}}]},"4":{"line":34,"type":"binary-expr","locations":[{"start":{"line":34,"column":8},"end":{"line":34,"column":10}},{"start":{"line":34,"column":14},"end":{"line":34,"column":25}},{"start":{"line":34,"column":29},"end":{"line":34,"column":32}},{"start":{"line":34,"column":37},"end":{"line":34,"column":57}},{"start":{"line":34,"column":61},"end":{"line":34,"column":71}},{"start":{"line":34,"column":75},"end":{"line":34,"column":82}},{"start":{"line":34,"column":87},"end":{"line":34,"column":91}}]}},"code":["/*jslint node: true, maxcomplexity: 7 */","'use strict';","","","module.exports.requireOpt = function(modules, cb) {","\tlet _loaded = {};","","\tif(Array.isArray(modules)) {","","\t\t_loaded = modules.reduce((_loaded, _module) => {","\t\t\ttry {","\t\t\t\t_loaded[_module] = require(_module);","\t\t\t} catch(error) {","\t\t\t\tif (Object.prototype.toString.call(_module) !== '[object String]') {","\t\t\t\t\tthrow(error);","\t\t\t\t}","\t\t\t\treturn null;","\t\t\t}","\t\t\treturn _loaded;\t\t","\t\t}, {});","","\t} else {","","\t\ttry {","\t\t\t_loaded[modules] = require(modules);","\t\t} catch(error) {","\t\t\tif (Object.prototype.toString.call(modules) !== '[object String]') {","\t\t\t\tthrow(error);","\t\t\t}","\t\t\t_loaded[modules] = null;\t","\t\t}","\t}","","\treturn cb && cb(_loaded) || !cb && (_loaded.length === 1 && _loaded[0] || _loaded) || null;","","};"],"l":{"5":1,"6":2,"8":2,"10":1,"11":2,"12":2,"14":0,"15":0,"17":0,"19":2,"24":1,"25":1,"27":0,"28":0,"30":0,"34":2}},"/home/travis/build/npmtest/node-npmtest-meetup-api/node_modules/meetup-api/tonicExample.js":{"path":"/home/travis/build/npmtest/node-npmtest-meetup-api/node_modules/meetup-api/tonicExample.js","s":{"1":1,"2":1,"3":1,"4":1,"5":1},"b":{},"f":{"1":1,"2":1},"fnMap":{"1":{"name":"(anonymous_1)","line":5,"loc":{"start":{"line":5,"column":3},"end":{"line":5,"column":27}}},"2":{"name":"(anonymous_2)","line":13,"loc":{"start":{"line":13,"column":3},"end":{"line":13,"column":27}}}},"statementMap":{"1":{"start":{"line":1,"column":0},"end":{"line":1,"column":38}},"2":{"start":{"line":3,"column":0},"end":{"line":7,"column":3}},"3":{"start":{"line":6,"column":4},"end":{"line":6,"column":25}},"4":{"start":{"line":9,"column":0},"end":{"line":15,"column":3}},"5":{"start":{"line":14,"column":4},"end":{"line":14,"column":25}}},"branchMap":{},"code":["var _meetup = require('meetup-api')();","","_meetup.getLocations({","\tquery: 'Córdoba'","}, function (err, results) {","    console.log(results);","});","","_meetup.getCities({","\tlat: -34.603722,","\tlon: -58.381592,","\tcountry: 'AR'","}, function (err, results) {","    console.log(results);","});"],"l":{"1":1,"3":1,"6":1,"9":1,"14":1}}}